18:17:08  [main] 	Initializing Control Panel
18:17:09  [main] 	Windows Version:  Enterprise  64-bit
18:17:09  [main] 	XAMPP Version: 8.2.4
18:17:09  [main] 	Control Panel Version: 3.3.0  [ Compiled: Apr 6th 2021 ]
18:17:09  [main] 	You are not running with administrator rights! This will work for
18:17:09  [main] 	most application stuff but whenever you do something with services
18:17:09  [main] 	there will be a security dialogue or things will break! So think 
18:17:09  [main] 	about running this application with administrator rights!
18:17:09  [main] 	XAMPP Installation Directory: "c:\users\kawano\documents\git_project\login_practice\xampp3\"
18:17:09  [main] 	Checking for prerequisites
18:17:09  [main] 	All prerequisites found
18:17:09  [main] 	Initializing Modules
18:17:09  [main] 	Starting Check-Timer
18:17:09  [main] 	Control Panel Ready
18:17:13  [Apache] 	Attempting to start Apache app...
18:17:14  [Apache] 	Status change detected: running
18:17:14  [Apache] 	Status change detected: stopped
18:17:14  [Apache] 	Error: Apache shutdown unexpectedly.
18:17:14  [Apache] 	This may be due to a blocked port, missing dependencies, 
18:17:14  [Apache] 	improper privileges, a crash, or a shutdown by another method.
18:17:14  [Apache] 	Press the Logs button to view error logs and check
18:17:14  [Apache] 	the Windows Event Viewer for more clues
18:17:14  [Apache] 	If you need more help, copy and post this
18:17:14  [Apache] 	entire log window on the forums
18:17:16  [mysql] 	Attempting to start MySQL app...
18:17:16  [mysql] 	Status change detected: running
18:17:16  [mysql] 	Status change detected: stopped
18:17:16  [mysql] 	Error: MySQL shutdown unexpectedly.
18:17:16  [mysql] 	This may be due to a blocked port, missing dependencies, 
18:17:16  [mysql] 	improper privileges, a crash, or a shutdown by another method.
18:17:16  [mysql] 	Press the Logs button to view error logs and check
18:17:16  [mysql] 	the Windows Event Viewer for more clues
18:17:16  [mysql] 	If you need more help, copy and post this
18:17:16  [mysql] 	entire log window on the forums
18:18:13  [main] 	Executing "c:\users\kawano\documents\git_project\login_practice\xampp3\"
18:18:15  [main] 	Executing "c:\users\kawano\documents\git_project\login_practice\xampp3\"
18:18:18  [main] 	Executing "c:\users\kawano\documents\git_project\login_practice\xampp3\"
18:19:54  [Apache] 	Status change detected: running
18:19:55  [Apache] 	Status change detected: stopped
18:19:55  [Apache] 	Error: Apache shutdown unexpectedly.
18:19:55  [Apache] 	This may be due to a blocked port, missing dependencies, 
18:19:55  [Apache] 	improper privileges, a crash, or a shutdown by another method.
18:19:55  [Apache] 	Press the Logs button to view error logs and check
18:19:55  [Apache] 	the Windows Event Viewer for more clues
18:19:55  [Apache] 	If you need more help, copy and post this
18:19:55  [Apache] 	entire log window on the forums
18:19:55  [Apache] 	Status change detected: running
18:19:56  [Apache] 	Status change detected: stopped
18:19:56  [Apache] 	Error: Apache shutdown unexpectedly.
18:19:56  [Apache] 	This may be due to a blocked port, missing dependencies, 
18:19:56  [Apache] 	improper privileges, a crash, or a shutdown by another method.
18:19:56  [Apache] 	Press the Logs button to view error logs and check
18:19:56  [Apache] 	the Windows Event Viewer for more clues
18:19:56  [Apache] 	If you need more help, copy and post this
18:19:56  [Apache] 	entire log window on the forums
18:20:56  [Apache] 	Attempting to start Apache app...
18:20:56  [Apache] 	Status change detected: running
18:20:59  [mysql] 	Attempting to start MySQL app...
18:21:00  [mysql] 	Status change detected: running
19:15:36  [main] 	Deinitializing Modules
19:15:36  [main] 	Deinitializing Control Panel

18:19:52  [main] 	Initializing Control Panel
18:19:52  [main] 	Windows Version:  Enterprise  64-bit
18:19:52  [main] 	XAMPP Version: 8.2.4
18:19:52  [main] 	Control Panel Version: 3.3.0  [ Compiled: Apr 6th 2021 ]
18:19:52  [main] 	You are not running with administrator rights! This will work for
18:19:52  [main] 	most application stuff but whenever you do something with services
18:19:52  [main] 	there will be a security dialogue or things will break! So think 
18:19:52  [main] 	about running this application with administrator rights!
18:19:52  [main] 	XAMPP Installation Directory: "c:\users\kawano\documents\git_project\login_practice\xampp3\"
18:19:52  [main] 	Checking for prerequisites
18:19:52  [main] 	All prerequisites found
18:19:52  [main] 	Initializing Modules
18:19:52  [main] 	Starting Check-Timer
18:19:52  [main] 	Control Panel Ready
18:19:54  [Apache] 	Attempting to start Apache app...
18:19:54  [Apache] 	Status change detected: running
18:19:54  [Apache] 	Status change detected: stopped
18:19:54  [Apache] 	Error: Apache shutdown unexpectedly.
18:19:54  [Apache] 	This may be due to a blocked port, missing dependencies, 
18:19:54  [Apache] 	improper privileges, a crash, or a shutdown by another method.
18:19:54  [Apache] 	Press the Logs button to view error logs and check
18:19:54  [Apache] 	the Windows Event Viewer for more clues
18:19:54  [Apache] 	If you need more help, copy and post this
18:19:54  [Apache] 	entire log window on the forums
18:19:55  [Apache] 	Attempting to start Apache app...
18:19:56  [Apache] 	Status change detected: running
18:19:56  [Apache] 	Status change detected: stopped
18:19:56  [Apache] 	Error: Apache shutdown unexpectedly.
18:19:56  [Apache] 	This may be due to a blocked port, missing dependencies, 
18:19:56  [Apache] 	improper privileges, a crash, or a shutdown by another method.
18:19:56  [Apache] 	Press the Logs button to view error logs and check
18:19:56  [Apache] 	the Windows Event Viewer for more clues
18:19:56  [Apache] 	If you need more help, copy and post this
18:19:56  [Apache] 	entire log window on the forums
18:19:57  [mysql] 	Attempting to start MySQL app...
18:19:57  [mysql] 	Status change detected: running
18:19:57  [mysql] 	Status change detected: stopped
18:19:57  [mysql] 	Error: MySQL shutdown unexpectedly.
18:19:57  [mysql] 	This may be due to a blocked port, missing dependencies, 
18:19:57  [mysql] 	improper privileges, a crash, or a shutdown by another method.
18:19:57  [mysql] 	Press the Logs button to view error logs and check
18:19:57  [mysql] 	the Windows Event Viewer for more clues
18:19:57  [mysql] 	If you need more help, copy and post this
18:19:57  [mysql] 	entire log window on the forums
18:20:56  [Apache] 	Status change detected: running
18:20:59  [mysql] 	Status change detected: running
19:15:36  [Apache] 	Status change detected: stopped
19:15:36  [Apache] 	Error: Apache shutdown unexpectedly.
19:15:36  [Apache] 	This may be due to a blocked port, missing dependencies, 
19:15:36  [Apache] 	improper privileges, a crash, or a shutdown by another method.
19:15:36  [Apache] 	Press the Logs button to view error logs and check
19:15:36  [Apache] 	the Windows Event Viewer for more clues
19:15:36  [Apache] 	If you need more help, copy and post this
19:15:36  [Apache] 	entire log window on the forums
19:15:36  [mysql] 	Status change detected: stopped
19:15:36  [mysql] 	Error: MySQL shutdown unexpectedly.
19:15:36  [mysql] 	This may be due to a blocked port, missing dependencies, 
19:15:36  [mysql] 	improper privileges, a crash, or a shutdown by another method.
19:15:36  [mysql] 	Press the Logs button to view error logs and check
19:15:36  [mysql] 	the Windows Event Viewer for more clues
19:15:36  [mysql] 	If you need more help, copy and post this
19:15:36  [mysql] 	entire log window on the forums
19:15:37  [main] 	Deinitializing Modules
19:15:37  [main] 	Deinitializing Control Panel

9:25:25  [main] 	Initializing Control Panel
9:25:25  [main] 	Windows Version:  Enterprise  64-bit
9:25:25  [main] 	XAMPP Version: 8.2.4
9:25:25  [main] 	Control Panel Version: 3.3.0  [ Compiled: Apr 6th 2021 ]
9:25:25  [main] 	You are not running with administrator rights! This will work for
9:25:25  [main] 	most application stuff but whenever you do something with services
9:25:25  [main] 	there will be a security dialogue or things will break! So think 
9:25:25  [main] 	about running this application with administrator rights!
9:25:25  [main] 	XAMPP Installation Directory: "c:\users\kawano\documents\git_project\login_practice\xampp3\"
9:25:25  [main] 	Checking for prerequisites
9:25:27  [main] 	All prerequisites found
9:25:27  [main] 	Initializing Modules
9:25:27  [main] 	Starting Check-Timer
9:25:27  [main] 	Control Panel Ready
9:25:30  [Apache] 	Attempting to start Apache app...
9:25:30  [Apache] 	Status change detected: running
9:25:34  [mysql] 	Attempting to start MySQL app...
9:25:34  [mysql] 	Status change detected: running
17:48:25  [main] 	Deinitializing Modules
17:48:25  [main] 	Deinitializing Control Panel

9:20:16  [main] 	Initializing Control Panel
9:20:16  [main] 	Windows Version:  Enterprise  64-bit
9:20:17  [main] 	XAMPP Version: 8.2.4
9:20:17  [main] 	Control Panel Version: 3.3.0  [ Compiled: Apr 6th 2021 ]
9:20:17  [main] 	You are not running with administrator rights! This will work for
9:20:17  [main] 	most application stuff but whenever you do something with services
9:20:17  [main] 	there will be a security dialogue or things will break! So think 
9:20:17  [main] 	about running this application with administrator rights!
9:20:17  [main] 	XAMPP Installation Directory: "c:\users\kawano\documents\git_project\login_practice\xampp3\"
9:20:17  [main] 	Checking for prerequisites
9:20:18  [main] 	All prerequisites found
9:20:18  [main] 	Initializing Modules
9:20:18  [main] 	Starting Check-Timer
9:20:18  [main] 	Control Panel Ready
9:20:33  [Apache] 	Attempting to start Apache app...
9:20:33  [Apache] 	Status change detected: running
9:20:35  [mysql] 	Attempting to start MySQL app...
9:20:35  [mysql] 	Status change detected: running
15:36:04  [Apache] 	Attempting to stop Apache (PID: 11160)
15:36:04  [Apache] 	Attempting to stop Apache (PID: 20108)
15:36:04  [Apache] 	Status change detected: stopped
15:36:05  [Apache] 	Attempting to start Apache app...
15:36:06  [Apache] 	Status change detected: running
17:38:26  [Apache] 	Status change detected: stopped
17:38:26  [Apache] 	Error: Apache shutdown unexpectedly.
17:38:27  [Apache] 	This may be due to a blocked port, missing dependencies, 
17:38:27  [Apache] 	improper privileges, a crash, or a shutdown by another method.
17:38:27  [Apache] 	Press the Logs button to view error logs and check
17:38:27  [Apache] 	the Windows Event Viewer for more clues
17:38:27  [Apache] 	If you need more help, copy and post this
17:38:27  [Apache] 	entire log window on the forums
17:38:35  [main] 	Deinitializing Modules
17:38:35  [main] 	Deinitializing Control Panel

8:50:16  [main] 	Initializing Control Panel
8:50:16  [main] 	Windows Version:  Enterprise  64-bit
8:50:16  [main] 	XAMPP Version: 8.2.4
8:50:16  [main] 	Control Panel Version: 3.3.0  [ Compiled: Apr 6th 2021 ]
8:50:16  [main] 	You are not running with administrator rights! This will work for
8:50:16  [main] 	most application stuff but whenever you do something with services
8:50:16  [main] 	there will be a security dialogue or things will break! So think 
8:50:16  [main] 	about running this application with administrator rights!
8:50:16  [main] 	XAMPP Installation Directory: "c:\users\kawano\documents\git_project\login_practice\xampp3\"
8:50:16  [main] 	Checking for prerequisites
8:50:18  [main] 	All prerequisites found
8:50:18  [main] 	Initializing Modules
8:50:18  [main] 	Starting Check-Timer
8:50:18  [main] 	Control Panel Ready
8:50:20  [Apache] 	Attempting to start Apache app...
8:50:21  [Apache] 	Status change detected: running
8:50:22  [mysql] 	Attempting to start MySQL app...
8:50:22  [mysql] 	Status change detected: running
8:50:23  [mysql] 	Status change detected: stopped
8:50:23  [mysql] 	Error: MySQL shutdown unexpectedly.
8:50:23  [mysql] 	This may be due to a blocked port, missing dependencies, 
8:50:23  [mysql] 	improper privileges, a crash, or a shutdown by another method.
8:50:23  [mysql] 	Press the Logs button to view error logs and check
8:50:23  [mysql] 	the Windows Event Viewer for more clues
8:50:23  [mysql] 	If you need more help, copy and post this
8:50:23  [mysql] 	entire log window on the forums
8:50:25  [mysql] 	Attempting to start MySQL app...
8:50:25  [mysql] 	Status change detected: running
17:36:49  [main] 	Deinitializing Modules
17:36:49  [main] 	Deinitializing Control Panel

9:00:42  [main] 	Initializing Control Panel
9:00:42  [main] 	Windows Version:  Enterprise  64-bit
9:00:42  [main] 	XAMPP Version: 8.2.4
9:00:42  [main] 	Control Panel Version: 3.3.0  [ Compiled: Apr 6th 2021 ]
9:00:42  [main] 	You are not running with administrator rights! This will work for
9:00:42  [main] 	most application stuff but whenever you do something with services
9:00:42  [main] 	there will be a security dialogue or things will break! So think 
9:00:42  [main] 	about running this application with administrator rights!
9:00:42  [main] 	XAMPP Installation Directory: "c:\users\kawano\documents\git_project\login_practice\xampp3\"
9:00:43  [main] 	Checking for prerequisites
9:00:43  [main] 	All prerequisites found
9:00:43  [main] 	Initializing Modules
9:00:43  [main] 	Starting Check-Timer
9:00:43  [main] 	Control Panel Ready
9:00:46  [Apache] 	Status change detected: running
9:00:50  [mysql] 	Status change detected: running
16:03:06  [Apache] 	Attempting to stop Apache (PID: 20304)
16:03:06  [Apache] 	Attempting to stop Apache (PID: 24088)
16:03:07  [Apache] 	Status change detected: stopped
16:03:07  [mysql] 	Attempting to stop MySQL app...
16:03:08  [mysql] 	Status change detected: stopped
17:32:21  [main] 	Deinitializing Modules
17:32:21  [main] 	Deinitializing Control Panel

9:00:11  [main] 	Initializing Control Panel
9:00:11  [main] 	Windows Version:  Enterprise  64-bit
9:00:11  [main] 	XAMPP Version: 8.2.4
9:00:11  [main] 	Control Panel Version: 3.3.0  [ Compiled: Apr 6th 2021 ]
9:00:11  [main] 	You are not running with administrator rights! This will work for
9:00:11  [main] 	most application stuff but whenever you do something with services
9:00:11  [main] 	there will be a security dialogue or things will break! So think 
9:00:11  [main] 	about running this application with administrator rights!
9:00:11  [main] 	XAMPP Installation Directory: "c:\users\kawano\documents\git_project\login_practice\xampp3\"
9:00:11  [main] 	Checking for prerequisites
9:00:11  [main] 	All prerequisites found
9:00:11  [main] 	Initializing Modules
9:00:11  [main] 	Starting Check-Timer
9:00:11  [main] 	Control Panel Ready
9:00:46  [Apache] 	Status change detected: running
9:00:50  [mysql] 	Status change detected: running
16:03:07  [Apache] 	Status change detected: stopped
16:03:07  [Apache] 	Error: Apache shutdown unexpectedly.
16:03:07  [Apache] 	This may be due to a blocked port, missing dependencies, 
16:03:07  [Apache] 	improper privileges, a crash, or a shutdown by another method.
16:03:07  [Apache] 	Press the Logs button to view error logs and check
16:03:07  [Apache] 	the Windows Event Viewer for more clues
16:03:07  [Apache] 	If you need more help, copy and post this
16:03:07  [Apache] 	entire log window on the forums
16:03:08  [mysql] 	Status change detected: stopped
16:03:08  [mysql] 	Error: MySQL shutdown unexpectedly.
16:03:08  [mysql] 	This may be due to a blocked port, missing dependencies, 
16:03:08  [mysql] 	improper privileges, a crash, or a shutdown by another method.
16:03:08  [mysql] 	Press the Logs button to view error logs and check
16:03:08  [mysql] 	the Windows Event Viewer for more clues
16:03:08  [mysql] 	If you need more help, copy and post this
16:03:08  [mysql] 	entire log window on the forums
17:32:21  [main] 	Deinitializing Modules
17:32:21  [main] 	Deinitializing Control Panel

9:02:31  [main] 	Initializing Control Panel
9:02:31  [main] 	Windows Version:  Enterprise  64-bit
9:02:31  [main] 	XAMPP Version: 8.2.4
9:02:31  [main] 	Control Panel Version: 3.3.0  [ Compiled: Apr 6th 2021 ]
9:02:31  [main] 	You are not running with administrator rights! This will work for
9:02:31  [main] 	most application stuff but whenever you do something with services
9:02:31  [main] 	there will be a security dialogue or things will break! So think 
9:02:31  [main] 	about running this application with administrator rights!
9:02:31  [main] 	XAMPP Installation Directory: "c:\users\kawano\documents\git_project\login_practice\xampp3\"
9:02:31  [main] 	Checking for prerequisites
9:02:32  [main] 	All prerequisites found
9:02:32  [main] 	Initializing Modules
9:02:32  [main] 	Starting Check-Timer
9:02:32  [main] 	Control Panel Ready
9:02:35  [Apache] 	Attempting to start Apache app...
9:02:35  [Apache] 	Status change detected: running
9:02:36  [mysql] 	Attempting to start MySQL app...
9:02:36  [mysql] 	Status change detected: running
9:02:36  [mysql] 	Status change detected: stopped
9:02:36  [mysql] 	Error: MySQL shutdown unexpectedly.
9:02:36  [mysql] 	This may be due to a blocked port, missing dependencies, 
9:02:37  [mysql] 	improper privileges, a crash, or a shutdown by another method.
9:02:37  [mysql] 	Press the Logs button to view error logs and check
9:02:37  [mysql] 	the Windows Event Viewer for more clues
9:02:37  [mysql] 	If you need more help, copy and post this
9:02:37  [mysql] 	entire log window on the forums
9:02:39  [mysql] 	Attempting to start MySQL app...
9:02:39  [mysql] 	Status change detected: running
9:57:21  [Apache] 	Attempting to stop Apache (PID: 10056)
9:57:21  [Apache] 	Attempting to stop Apache (PID: 308)
9:57:22  [Apache] 	Status change detected: stopped
9:57:23  [mysql] 	Attempting to stop MySQL app...
9:57:23  [mysql] 	Status change detected: stopped
11:16:52  [Apache] 	Status change detected: running
11:16:55  [mysql] 	Status change detected: running
17:38:21  [main] 	Deinitializing Modules
17:38:21  [main] 	Deinitializing Control Panel

9:02:31  [main] 	Initializing Control Panel
9:02:31  [main] 	Windows Version:  Enterprise  64-bit
9:02:31  [main] 	XAMPP Version: 8.2.4
9:02:31  [main] 	Control Panel Version: 3.3.0  [ Compiled: Apr 6th 2021 ]
9:02:31  [main] 	You are not running with administrator rights! This will work for
9:02:31  [main] 	most application stuff but whenever you do something with services
9:02:31  [main] 	there will be a security dialogue or things will break! So think 
9:02:31  [main] 	about running this application with administrator rights!
9:02:31  [main] 	XAMPP Installation Directory: "c:\users\kawano\documents\git_project\login_practice\xampp3\"
9:02:31  [main] 	Checking for prerequisites
9:02:32  [main] 	All prerequisites found
9:02:32  [main] 	Initializing Modules
9:02:32  [main] 	Starting Check-Timer
9:02:32  [main] 	Control Panel Ready
9:02:35  [Apache] 	Status change detected: running
9:02:36  [mysql] 	Status change detected: running
9:02:36  [mysql] 	Status change detected: stopped
9:02:36  [mysql] 	Error: MySQL shutdown unexpectedly.
9:02:36  [mysql] 	This may be due to a blocked port, missing dependencies, 
9:02:37  [mysql] 	improper privileges, a crash, or a shutdown by another method.
9:02:37  [mysql] 	Press the Logs button to view error logs and check
9:02:37  [mysql] 	the Windows Event Viewer for more clues
9:02:37  [mysql] 	If you need more help, copy and post this
9:02:37  [mysql] 	entire log window on the forums
9:02:39  [mysql] 	Status change detected: running
9:57:22  [Apache] 	Status change detected: stopped
9:57:22  [Apache] 	Error: Apache shutdown unexpectedly.
9:57:22  [Apache] 	This may be due to a blocked port, missing dependencies, 
9:57:22  [Apache] 	improper privileges, a crash, or a shutdown by another method.
9:57:22  [Apache] 	Press the Logs button to view error logs and check
9:57:22  [Apache] 	the Windows Event Viewer for more clues
9:57:22  [Apache] 	If you need more help, copy and post this
9:57:22  [Apache] 	entire log window on the forums
9:57:23  [mysql] 	Status change detected: stopped
9:57:23  [mysql] 	Error: MySQL shutdown unexpectedly.
9:57:23  [mysql] 	This may be due to a blocked port, missing dependencies, 
9:57:23  [mysql] 	improper privileges, a crash, or a shutdown by another method.
9:57:23  [mysql] 	Press the Logs button to view error logs and check
9:57:23  [mysql] 	the Windows Event Viewer for more clues
9:57:23  [mysql] 	If you need more help, copy and post this
9:57:23  [mysql] 	entire log window on the forums
11:16:52  [Apache] 	Status change detected: running
11:16:55  [mysql] 	Status change detected: running
17:38:21  [main] 	Deinitializing Modules
17:38:21  [main] 	Deinitializing Control Panel

11:16:35  [main] 	Initializing Control Panel
11:16:36  [main] 	Windows Version:  Enterprise  64-bit
11:16:36  [main] 	XAMPP Version: 8.2.4
11:16:36  [main] 	Control Panel Version: 3.3.0  [ Compiled: Apr 6th 2021 ]
11:16:36  [main] 	You are not running with administrator rights! This will work for
11:16:36  [main] 	most application stuff but whenever you do something with services
11:16:36  [main] 	there will be a security dialogue or things will break! So think 
11:16:36  [main] 	about running this application with administrator rights!
11:16:36  [main] 	XAMPP Installation Directory: "c:\users\kawano\documents\git_project\login_practice\xampp3\"
11:16:36  [main] 	Checking for prerequisites
11:16:38  [main] 	All prerequisites found
11:16:38  [main] 	Initializing Modules
11:16:38  [main] 	Starting Check-Timer
11:16:38  [main] 	Control Panel Ready
11:16:52  [Apache] 	Attempting to start Apache app...
11:16:53  [Apache] 	Status change detected: running
11:16:55  [mysql] 	Attempting to start MySQL app...
11:16:55  [mysql] 	Status change detected: running
17:38:21  [main] 	Deinitializing Modules
17:38:21  [main] 	Deinitializing Control Panel

9:10:03  [main] 	Initializing Control Panel
9:10:03  [main] 	Windows Version:  Enterprise  64-bit
9:10:03  [main] 	XAMPP Version: 8.2.4
9:10:03  [main] 	Control Panel Version: 3.3.0  [ Compiled: Apr 6th 2021 ]
9:10:03  [main] 	You are not running with administrator rights! This will work for
9:10:03  [main] 	most application stuff but whenever you do something with services
9:10:03  [main] 	there will be a security dialogue or things will break! So think 
9:10:03  [main] 	about running this application with administrator rights!
9:10:03  [main] 	XAMPP Installation Directory: "c:\users\kawano\documents\git_project\login_practice\xampp3\"
9:10:03  [main] 	Checking for prerequisites
9:10:05  [main] 	All prerequisites found
9:10:05  [main] 	Initializing Modules
9:10:05  [main] 	Starting Check-Timer
9:10:05  [main] 	Control Panel Ready
10:21:50  [Apache] 	Status change detected: running
10:21:52  [mysql] 	Status change detected: running
10:21:52  [mysql] 	Status change detected: stopped
10:21:52  [mysql] 	Error: MySQL shutdown unexpectedly.
10:21:52  [mysql] 	This may be due to a blocked port, missing dependencies, 
10:21:52  [mysql] 	improper privileges, a crash, or a shutdown by another method.
10:21:52  [mysql] 	Press the Logs button to view error logs and check
10:21:52  [mysql] 	the Windows Event Viewer for more clues
10:21:52  [mysql] 	If you need more help, copy and post this
10:21:52  [mysql] 	entire log window on the forums
10:21:54  [mysql] 	Status change detected: running
17:39:58  [Apache] 	Status change detected: stopped
17:39:58  [Apache] 	Error: Apache shutdown unexpectedly.
17:39:59  [Apache] 	This may be due to a blocked port, missing dependencies, 
17:39:59  [Apache] 	improper privileges, a crash, or a shutdown by another method.
17:39:59  [Apache] 	Press the Logs button to view error logs and check
17:39:59  [Apache] 	the Windows Event Viewer for more clues
17:39:59  [Apache] 	If you need more help, copy and post this
17:39:59  [Apache] 	entire log window on the forums
17:39:59  [mysql] 	Status change detected: stopped
17:39:59  [mysql] 	Error: MySQL shutdown unexpectedly.
17:39:59  [mysql] 	This may be due to a blocked port, missing dependencies, 
17:39:59  [mysql] 	improper privileges, a crash, or a shutdown by another method.
17:39:59  [mysql] 	Press the Logs button to view error logs and check
17:39:59  [mysql] 	the Windows Event Viewer for more clues
17:39:59  [mysql] 	If you need more help, copy and post this
17:39:59  [mysql] 	entire log window on the forums
17:40:03  [main] 	Deinitializing Modules
17:40:03  [main] 	Deinitializing Control Panel

9:10:03  [main] 	Initializing Control Panel
9:10:03  [main] 	Windows Version:  Enterprise  64-bit
9:10:03  [main] 	XAMPP Version: 8.2.4
9:10:03  [main] 	Control Panel Version: 3.3.0  [ Compiled: Apr 6th 2021 ]
9:10:03  [main] 	You are not running with administrator rights! This will work for
9:10:03  [main] 	most application stuff but whenever you do something with services
9:10:03  [main] 	there will be a security dialogue or things will break! So think 
9:10:03  [main] 	about running this application with administrator rights!
9:10:03  [main] 	XAMPP Installation Directory: "c:\users\kawano\documents\git_project\login_practice\xampp3\"
9:10:03  [main] 	Checking for prerequisites
9:10:05  [main] 	All prerequisites found
9:10:05  [main] 	Initializing Modules
9:10:05  [main] 	Starting Check-Timer
9:10:05  [main] 	Control Panel Ready
10:21:50  [Apache] 	Attempting to start Apache app...
10:21:50  [Apache] 	Status change detected: running
10:21:51  [mysql] 	Attempting to start MySQL app...
10:21:52  [mysql] 	Status change detected: running
10:21:52  [mysql] 	Status change detected: stopped
10:21:52  [mysql] 	Error: MySQL shutdown unexpectedly.
10:21:52  [mysql] 	This may be due to a blocked port, missing dependencies, 
10:21:52  [mysql] 	improper privileges, a crash, or a shutdown by another method.
10:21:52  [mysql] 	Press the Logs button to view error logs and check
10:21:52  [mysql] 	the Windows Event Viewer for more clues
10:21:52  [mysql] 	If you need more help, copy and post this
10:21:52  [mysql] 	entire log window on the forums
10:21:53  [mysql] 	Attempting to start MySQL app...
10:21:54  [mysql] 	Status change detected: running
17:39:58  [Apache] 	Status change detected: stopped
17:39:59  [Apache] 	Error: Apache shutdown unexpectedly.
17:39:59  [Apache] 	This may be due to a blocked port, missing dependencies, 
17:39:59  [Apache] 	improper privileges, a crash, or a shutdown by another method.
17:39:59  [Apache] 	Press the Logs button to view error logs and check
17:39:59  [Apache] 	the Windows Event Viewer for more clues
17:39:59  [Apache] 	If you need more help, copy and post this
17:39:59  [Apache] 	entire log window on the forums
17:39:59  [mysql] 	Status change detected: stopped
17:39:59  [mysql] 	Error: MySQL shutdown unexpectedly.
17:39:59  [mysql] 	This may be due to a blocked port, missing dependencies, 
17:39:59  [mysql] 	improper privileges, a crash, or a shutdown by another method.
17:39:59  [mysql] 	Press the Logs button to view error logs and check
17:39:59  [mysql] 	the Windows Event Viewer for more clues
17:39:59  [mysql] 	If you need more help, copy and post this
17:39:59  [mysql] 	entire log window on the forums
17:40:03  [main] 	Deinitializing Modules
17:40:03  [main] 	Deinitializing Control Panel

12:39:34  [main] 	Initializing Control Panel
12:39:34  [main] 	Windows Version:  Enterprise  64-bit
12:39:34  [main] 	XAMPP Version: 8.2.4
12:39:34  [main] 	Control Panel Version: 3.3.0  [ Compiled: Apr 6th 2021 ]
12:39:34  [main] 	You are not running with administrator rights! This will work for
12:39:34  [main] 	most application stuff but whenever you do something with services
12:39:34  [main] 	there will be a security dialogue or things will break! So think 
12:39:34  [main] 	about running this application with administrator rights!
12:39:34  [main] 	XAMPP Installation Directory: "c:\users\kawano\documents\git_project\login_practice\xampp3\"
12:39:34  [main] 	Checking for prerequisites
12:39:35  [main] 	All prerequisites found
12:39:35  [main] 	Initializing Modules
12:39:35  [main] 	Starting Check-Timer
12:39:35  [main] 	Control Panel Ready
12:39:39  [Apache] 	Attempting to start Apache app...
12:39:40  [Apache] 	Status change detected: running
12:39:40  [mysql] 	Attempting to start MySQL app...
12:39:41  [mysql] 	Status change detected: running
16:25:46  [Apache] 	Attempting to stop Apache (PID: 15884)
16:25:46  [Apache] 	Attempting to stop Apache (PID: 15076)
16:25:46  [Apache] 	Status change detected: stopped
16:25:47  [mysql] 	Attempting to stop MySQL app...
16:25:48  [mysql] 	Status change detected: stopped
17:42:42  [main] 	Deinitializing Modules
17:42:42  [main] 	Deinitializing Control Panel

11:27:18  [main] 	Initializing Control Panel
11:27:18  [main] 	Windows Version:  Enterprise  64-bit
11:27:18  [main] 	XAMPP Version: 8.2.4
11:27:18  [main] 	Control Panel Version: 3.3.0  [ Compiled: Apr 6th 2021 ]
11:27:18  [main] 	You are not running with administrator rights! This will work for
11:27:18  [main] 	most application stuff but whenever you do something with services
11:27:18  [main] 	there will be a security dialogue or things will break! So think 
11:27:18  [main] 	about running this application with administrator rights!
11:27:18  [main] 	XAMPP Installation Directory: "c:\users\kawano\documents\git_project\login_practice\xampp3\"
11:27:18  [main] 	Checking for prerequisites
11:27:20  [main] 	All prerequisites found
11:27:20  [main] 	Initializing Modules
11:27:20  [main] 	Starting Check-Timer
11:27:20  [main] 	Control Panel Ready
11:27:24  [Apache] 	Attempting to start Apache app...
11:27:24  [Apache] 	Status change detected: running
11:27:25  [mysql] 	Attempting to start MySQL app...
11:27:25  [mysql] 	Status change detected: running
11:27:26  [mysql] 	Status change detected: stopped
11:27:26  [mysql] 	Error: MySQL shutdown unexpectedly.
11:27:26  [mysql] 	This may be due to a blocked port, missing dependencies, 
11:27:26  [mysql] 	improper privileges, a crash, or a shutdown by another method.
11:27:26  [mysql] 	Press the Logs button to view error logs and check
11:27:26  [mysql] 	the Windows Event Viewer for more clues
11:27:26  [mysql] 	If you need more help, copy and post this
11:27:26  [mysql] 	entire log window on the forums
11:27:28  [mysql] 	Attempting to start MySQL app...
11:27:28  [mysql] 	Status change detected: running
11:52:27  [Apache] 	Attempting to stop Apache (PID: 11984)
11:52:28  [Apache] 	Attempting to stop Apache (PID: 22864)
11:52:28  [Apache] 	Status change detected: stopped
11:52:29  [mysql] 	Attempting to stop MySQL app...
11:52:29  [mysql] 	Status change detected: stopped
12:39:39  [Apache] 	Status change detected: running
12:39:40  [mysql] 	Status change detected: running
16:25:47  [Apache] 	Status change detected: stopped
16:25:48  [mysql] 	Status change detected: stopped
17:42:42  [main] 	Deinitializing Modules
17:42:42  [main] 	Deinitializing Control Panel

22:08:24  [main] 	Initializing Control Panel
22:08:24  [main] 	Windows Version:  Enterprise  64-bit
22:08:24  [main] 	XAMPP Version: 8.2.4
22:08:24  [main] 	Control Panel Version: 3.3.0  [ Compiled: Apr 6th 2021 ]
22:08:24  [main] 	You are not running with administrator rights! This will work for
22:08:24  [main] 	most application stuff but whenever you do something with services
22:08:24  [main] 	there will be a security dialogue or things will break! So think 
22:08:24  [main] 	about running this application with administrator rights!
22:08:24  [main] 	XAMPP Installation Directory: "c:\users\kawano\documents\git_project\login_practice\xampp3\"
22:08:24  [main] 	Checking for prerequisites
22:08:26  [main] 	All prerequisites found
22:08:26  [main] 	Initializing Modules
22:08:26  [main] 	Starting Check-Timer
22:08:26  [main] 	Control Panel Ready
22:08:29  [Apache] 	Status change detected: running
22:08:39  [mysql] 	Status change detected: running
22:34:56  [Apache] 	Status change detected: stopped
22:34:56  [Apache] 	Error: Apache shutdown unexpectedly.
22:34:56  [Apache] 	This may be due to a blocked port, missing dependencies, 
22:34:56  [Apache] 	improper privileges, a crash, or a shutdown by another method.
22:34:56  [Apache] 	Press the Logs button to view error logs and check
22:34:56  [Apache] 	the Windows Event Viewer for more clues
22:34:56  [Apache] 	If you need more help, copy and post this
22:34:56  [Apache] 	entire log window on the forums
22:34:57  [mysql] 	Status change detected: stopped
22:34:57  [mysql] 	Error: MySQL shutdown unexpectedly.
22:34:57  [mysql] 	This may be due to a blocked port, missing dependencies, 
22:34:57  [mysql] 	improper privileges, a crash, or a shutdown by another method.
22:34:57  [mysql] 	Press the Logs button to view error logs and check
22:34:57  [mysql] 	the Windows Event Viewer for more clues
22:34:57  [mysql] 	If you need more help, copy and post this
22:34:57  [mysql] 	entire log window on the forums
22:44:31  [main] 	Deinitializing Modules
22:44:31  [main] 	Deinitializing Control Panel

18:32:16  [main] 	Initializing Control Panel
18:32:16  [main] 	Windows Version:  Enterprise  64-bit
18:32:16  [main] 	XAMPP Version: 8.2.4
18:32:16  [main] 	Control Panel Version: 3.3.0  [ Compiled: Apr 6th 2021 ]
18:32:16  [main] 	You are not running with administrator rights! This will work for
18:32:16  [main] 	most application stuff but whenever you do something with services
18:32:16  [main] 	there will be a security dialogue or things will break! So think 
18:32:16  [main] 	about running this application with administrator rights!
18:32:16  [main] 	XAMPP Installation Directory: "c:\users\kawano\documents\git_project\login_practice\xampp3\"
18:32:16  [main] 	Checking for prerequisites
18:32:18  [main] 	All prerequisites found
18:32:18  [main] 	Initializing Modules
18:32:18  [Apache] 	Problem detected!
18:32:18  [Apache] 	Port 80 in use by "C:\Program Files\Docker\Docker\resources\com.docker.backend.exe" with PID 2484!
18:32:18  [Apache] 	Apache WILL NOT start without the configured ports free!
18:32:18  [Apache] 	You need to uninstall/disable/reconfigure the blocking application
18:32:18  [Apache] 	or reconfigure Apache and the Control Panel to listen on a different port
18:32:18  [mysql] 	Problem detected!
18:32:18  [mysql] 	Port 3306 in use by "C:\Program Files\Docker\Docker\resources\com.docker.backend.exe"!
18:32:18  [mysql] 	MySQL WILL NOT start without the configured ports free!
18:32:18  [mysql] 	You need to uninstall/disable/reconfigure the blocking application
18:32:18  [mysql] 	or reconfigure MySQL and the Control Panel to listen on a different port
18:32:18  [main] 	Starting Check-Timer
18:32:18  [main] 	Control Panel Ready
18:32:20  [Apache] 	Problem detected!
18:32:20  [Apache] 	Port 80 in use by "C:\Program Files\Docker\Docker\resources\com.docker.backend.exe" with PID 2484!
18:32:20  [Apache] 	Apache WILL NOT start without the configured ports free!
18:32:20  [Apache] 	You need to uninstall/disable/reconfigure the blocking application
18:32:20  [Apache] 	or reconfigure Apache and the Control Panel to listen on a different port
18:32:20  [Apache] 	Attempting to start Apache app...
18:32:21  [Apache] 	Status change detected: running
18:32:23  [mysql] 	Problem detected!
18:32:23  [mysql] 	Port 3306 in use by "C:\Program Files\Docker\Docker\resources\com.docker.backend.exe"!
18:32:23  [mysql] 	MySQL WILL NOT start without the configured ports free!
18:32:23  [mysql] 	You need to uninstall/disable/reconfigure the blocking application
18:32:23  [mysql] 	or reconfigure MySQL and the Control Panel to listen on a different port
18:32:23  [mysql] 	Attempting to start MySQL app...
18:32:23  [mysql] 	Status change detected: running
18:32:25  [mysql] 	Status change detected: stopped
18:32:25  [mysql] 	Error: MySQL shutdown unexpectedly.
18:32:25  [mysql] 	This may be due to a blocked port, missing dependencies, 
18:32:25  [mysql] 	improper privileges, a crash, or a shutdown by another method.
18:32:25  [mysql] 	Press the Logs button to view error logs and check
18:32:25  [mysql] 	the Windows Event Viewer for more clues
18:32:25  [mysql] 	If you need more help, copy and post this
18:32:25  [mysql] 	entire log window on the forums
18:32:26  [mysql] 	Problem detected!
18:32:26  [mysql] 	Port 3306 in use by "C:\Program Files\Docker\Docker\resources\com.docker.backend.exe"!
18:32:26  [mysql] 	MySQL WILL NOT start without the configured ports free!
18:32:26  [mysql] 	You need to uninstall/disable/reconfigure the blocking application
18:32:26  [mysql] 	or reconfigure MySQL and the Control Panel to listen on a different port
18:32:26  [mysql] 	Attempting to start MySQL app...
18:32:26  [mysql] 	Status change detected: running
18:32:28  [mysql] 	Status change detected: stopped
18:32:28  [mysql] 	Error: MySQL shutdown unexpectedly.
18:32:28  [mysql] 	This may be due to a blocked port, missing dependencies, 
18:32:28  [mysql] 	improper privileges, a crash, or a shutdown by another method.
18:32:28  [mysql] 	Press the Logs button to view error logs and check
18:32:28  [mysql] 	the Windows Event Viewer for more clues
18:32:28  [mysql] 	If you need more help, copy and post this
18:32:28  [mysql] 	entire log window on the forums
18:32:29  [mysql] 	Problem detected!
18:32:29  [mysql] 	Port 3306 in use by "C:\Program Files\Docker\Docker\resources\com.docker.backend.exe"!
18:32:29  [mysql] 	MySQL WILL NOT start without the configured ports free!
18:32:29  [mysql] 	You need to uninstall/disable/reconfigure the blocking application
18:32:29  [mysql] 	or reconfigure MySQL and the Control Panel to listen on a different port
18:32:29  [mysql] 	Attempting to start MySQL app...
18:32:30  [mysql] 	Status change detected: running
18:32:31  [mysql] 	Status change detected: stopped
18:32:31  [mysql] 	Error: MySQL shutdown unexpectedly.
18:32:31  [mysql] 	This may be due to a blocked port, missing dependencies, 
18:32:31  [mysql] 	improper privileges, a crash, or a shutdown by another method.
18:32:31  [mysql] 	Press the Logs button to view error logs and check
18:32:31  [mysql] 	the Windows Event Viewer for more clues
18:32:31  [mysql] 	If you need more help, copy and post this
18:32:31  [mysql] 	entire log window on the forums
18:32:32  [mysql] 	Problem detected!
18:32:32  [mysql] 	Port 3306 in use by "C:\Program Files\Docker\Docker\resources\com.docker.backend.exe"!
18:32:32  [mysql] 	MySQL WILL NOT start without the configured ports free!
18:32:32  [mysql] 	You need to uninstall/disable/reconfigure the blocking application
18:32:32  [mysql] 	or reconfigure MySQL and the Control Panel to listen on a different port
18:32:32  [mysql] 	Attempting to start MySQL app...
18:32:32  [mysql] 	Status change detected: running
18:32:32  [mysql] 	Attempting to stop MySQL app...
18:32:32  [mysql] 	Attempting to stop MySQL app...
18:32:32  [mysql] 	There may be an error, return code: 41702112 - 
18:32:32  [mysql] 	Attempting to stop MySQL app...
18:32:32  [mysql] 	There may be an error, return code: 41702112 - 
18:32:33  [mysql] 	Attempting to stop MySQL app...
18:32:33  [mysql] 	There may be an error, return code: 41702112 - 
18:32:33  [mysql] 	Status change detected: stopped
18:32:33  [mysql] 	Problem detected!
18:32:33  [mysql] 	Port 3306 in use by "C:\Program Files\Docker\Docker\resources\com.docker.backend.exe"!
18:32:33  [mysql] 	MySQL WILL NOT start without the configured ports free!
18:32:33  [mysql] 	You need to uninstall/disable/reconfigure the blocking application
18:32:33  [mysql] 	or reconfigure MySQL and the Control Panel to listen on a different port
18:32:33  [mysql] 	Attempting to start MySQL app...
18:32:33  [mysql] 	Problem detected!
18:32:33  [mysql] 	Port 3306 in use by "C:\Program Files\Docker\Docker\resources\com.docker.backend.exe"!
18:32:33  [mysql] 	MySQL WILL NOT start without the configured ports free!
18:32:33  [mysql] 	You need to uninstall/disable/reconfigure the blocking application
18:32:33  [mysql] 	or reconfigure MySQL and the Control Panel to listen on a different port
18:32:33  [mysql] 	Attempting to start MySQL app...
18:32:33  [mysql] 	Problem detected!
18:32:33  [mysql] 	Port 3306 in use by "C:\Program Files\Docker\Docker\resources\com.docker.backend.exe"!
18:32:33  [mysql] 	MySQL WILL NOT start without the configured ports free!
18:32:33  [mysql] 	You need to uninstall/disable/reconfigure the blocking application
18:32:33  [mysql] 	or reconfigure MySQL and the Control Panel to listen on a different port
18:32:33  [mysql] 	Attempting to start MySQL app...
18:32:33  [mysql] 	Status change detected: running
18:32:35  [mysql] 	Status change detected: stopped
18:32:35  [mysql] 	Error: MySQL shutdown unexpectedly.
18:32:35  [mysql] 	This may be due to a blocked port, missing dependencies, 
18:32:35  [mysql] 	improper privileges, a crash, or a shutdown by another method.
18:32:35  [mysql] 	Press the Logs button to view error logs and check
18:32:35  [mysql] 	the Windows Event Viewer for more clues
18:32:35  [mysql] 	If you need more help, copy and post this
18:32:35  [mysql] 	entire log window on the forums
18:32:53  [Apache] 	Status change detected: stopped
18:32:54  [Apache] 	Error: Apache shutdown unexpectedly.
18:32:54  [Apache] 	This may be due to a blocked port, missing dependencies, 
18:32:54  [Apache] 	improper privileges, a crash, or a shutdown by another method.
18:32:54  [Apache] 	Press the Logs button to view error logs and check
18:32:54  [Apache] 	the Windows Event Viewer for more clues
18:32:54  [Apache] 	If you need more help, copy and post this
18:32:54  [Apache] 	entire log window on the forums
18:32:54  [main] 	Deinitializing Modules
18:32:54  [main] 	Deinitializing Control Panel

10:29:38  [main] 	Initializing Control Panel
10:29:38  [main] 	Windows Version:  Enterprise  64-bit
10:29:38  [main] 	XAMPP Version: 8.2.4
10:29:38  [main] 	Control Panel Version: 3.3.0  [ Compiled: Apr 6th 2021 ]
10:29:38  [main] 	You are not running with administrator rights! This will work for
10:29:38  [main] 	most application stuff but whenever you do something with services
10:29:38  [main] 	there will be a security dialogue or things will break! So think 
10:29:38  [main] 	about running this application with administrator rights!
10:29:38  [main] 	XAMPP Installation Directory: "c:\users\kawano\documents\git_project\login_practice\xampp3\"
10:29:38  [main] 	Checking for prerequisites
10:29:40  [main] 	All prerequisites found
10:29:40  [main] 	Initializing Modules
10:29:40  [main] 	Starting Check-Timer
10:29:40  [main] 	Control Panel Ready
10:29:50  [Apache] 	Attempting to start Apache app...
10:29:50  [Apache] 	Status change detected: running
10:29:52  [mysql] 	Attempting to start MySQL app...
10:29:52  [mysql] 	Status change detected: running
17:56:50  [mysql] 	Status change detected: stopped
17:56:50  [mysql] 	Error: MySQL shutdown unexpectedly.
17:56:50  [mysql] 	This may be due to a blocked port, missing dependencies, 
17:56:50  [mysql] 	improper privileges, a crash, or a shutdown by another method.
17:56:50  [mysql] 	Press the Logs button to view error logs and check
17:56:50  [mysql] 	the Windows Event Viewer for more clues
17:56:50  [mysql] 	If you need more help, copy and post this
17:56:50  [mysql] 	entire log window on the forums
17:56:52  [Apache] 	Status change detected: stopped
17:56:52  [Apache] 	Error: Apache shutdown unexpectedly.
17:56:52  [Apache] 	This may be due to a blocked port, missing dependencies, 
17:56:52  [Apache] 	improper privileges, a crash, or a shutdown by another method.
17:56:52  [Apache] 	Press the Logs button to view error logs and check
17:56:52  [Apache] 	the Windows Event Viewer for more clues
17:56:52  [Apache] 	If you need more help, copy and post this
17:56:52  [Apache] 	entire log window on the forums
17:56:52  [main] 	Deinitializing Modules
17:56:52  [main] 	Deinitializing Control Panel

11:49:08  [main] 	Initializing Control Panel
11:49:08  [main] 	Windows Version:  Enterprise  64-bit
11:49:08  [main] 	XAMPP Version: 8.2.4
11:49:08  [main] 	Control Panel Version: 3.3.0  [ Compiled: Apr 6th 2021 ]
11:49:08  [main] 	You are not running with administrator rights! This will work for
11:49:08  [main] 	most application stuff but whenever you do something with services
11:49:08  [main] 	there will be a security dialogue or things will break! So think 
11:49:08  [main] 	about running this application with administrator rights!
11:49:08  [main] 	XAMPP Installation Directory: "c:\users\kawano\documents\git_project\login_practice\xampp3\"
11:49:08  [main] 	Checking for prerequisites
11:49:10  [main] 	All prerequisites found
11:49:10  [main] 	Initializing Modules
11:49:10  [main] 	Starting Check-Timer
11:49:10  [main] 	Control Panel Ready
11:49:16  [Apache] 	Attempting to start Apache app...
11:49:16  [Apache] 	Status change detected: running
11:49:18  [mysql] 	Attempting to start MySQL app...
11:49:18  [mysql] 	Status change detected: running
12:25:34  [mysql] 	Status change detected: stopped
12:25:34  [mysql] 	Error: MySQL shutdown unexpectedly.
12:25:34  [mysql] 	This may be due to a blocked port, missing dependencies, 
12:25:34  [mysql] 	improper privileges, a crash, or a shutdown by another method.
12:25:34  [mysql] 	Press the Logs button to view error logs and check
12:25:34  [mysql] 	the Windows Event Viewer for more clues
12:25:34  [mysql] 	If you need more help, copy and post this
12:25:34  [mysql] 	entire log window on the forums
15:12:18  [mysql] 	Attempting to start MySQL app...
15:12:18  [mysql] 	Status change detected: running
15:12:19  [mysql] 	Status change detected: stopped
15:12:19  [mysql] 	Error: MySQL shutdown unexpectedly.
15:12:19  [mysql] 	This may be due to a blocked port, missing dependencies, 
15:12:19  [mysql] 	improper privileges, a crash, or a shutdown by another method.
15:12:19  [mysql] 	Press the Logs button to view error logs and check
15:12:19  [mysql] 	the Windows Event Viewer for more clues
15:12:19  [mysql] 	If you need more help, copy and post this
15:12:19  [mysql] 	entire log window on the forums
15:12:20  [mysql] 	Attempting to start MySQL app...
15:12:20  [mysql] 	Status change detected: running
18:00:22  [main] 	Deinitializing Modules
18:00:22  [main] 	Deinitializing Control Panel

9:22:10  [main] 	Initializing Control Panel
9:22:10  [main] 	Windows Version:  Enterprise  64-bit
9:22:10  [main] 	XAMPP Version: 8.2.4
9:22:10  [main] 	Control Panel Version: 3.3.0  [ Compiled: Apr 6th 2021 ]
9:22:10  [main] 	You are not running with administrator rights! This will work for
9:22:10  [main] 	most application stuff but whenever you do something with services
9:22:10  [main] 	there will be a security dialogue or things will break! So think 
9:22:10  [main] 	about running this application with administrator rights!
9:22:10  [main] 	XAMPP Installation Directory: "c:\users\kawano\documents\git_project\login_practice\xampp3\"
9:22:10  [main] 	Checking for prerequisites
9:22:11  [main] 	All prerequisites found
9:22:11  [main] 	Initializing Modules
9:22:11  [main] 	Starting Check-Timer
9:22:11  [main] 	Control Panel Ready
9:22:51  [Apache] 	Attempting to start Apache app...
9:22:51  [Apache] 	Status change detected: running
9:22:55  [mysql] 	Attempting to start MySQL app...
9:22:55  [mysql] 	Status change detected: running
10:15:51  [main] 	Deinitializing Modules
10:15:51  [main] 	Deinitializing Control Panel

14:58:34  [main] 	Initializing Control Panel
14:58:34  [main] 	Windows Version:  Enterprise  64-bit
14:58:34  [main] 	XAMPP Version: 8.2.4
14:58:34  [main] 	Control Panel Version: 3.3.0  [ Compiled: Apr 6th 2021 ]
14:58:34  [main] 	You are not running with administrator rights! This will work for
14:58:34  [main] 	most application stuff but whenever you do something with services
14:58:34  [main] 	there will be a security dialogue or things will break! So think 
14:58:34  [main] 	about running this application with administrator rights!
14:58:34  [main] 	XAMPP Installation Directory: "c:\users\kawano\documents\git_project\login_practice\xampp3\"
14:58:34  [main] 	Checking for prerequisites
14:58:35  [main] 	All prerequisites found
14:58:35  [main] 	Initializing Modules
14:58:35  [main] 	Starting Check-Timer
14:58:35  [main] 	Control Panel Ready
14:58:42  [Apache] 	Attempting to start Apache app...
14:58:42  [Apache] 	Status change detected: running
14:58:48  [mysql] 	Attempting to start MySQL app...
14:58:48  [mysql] 	Status change detected: running
15:45:00  [Apache] 	Attempting to stop Apache (PID: 5752)
15:45:00  [Apache] 	Attempting to stop Apache (PID: 11280)
15:45:00  [Apache] 	Status change detected: stopped
15:45:01  [mysql] 	Attempting to stop MySQL app...
15:45:01  [mysql] 	Status change detected: stopped
17:36:27  [main] 	Deinitializing Modules
17:36:27  [main] 	Deinitializing Control Panel

16:44:56  [main] 	Initializing Control Panel
16:44:56  [main] 	Windows Version:  Enterprise  64-bit
16:44:56  [main] 	XAMPP Version: 8.2.4
16:44:56  [main] 	Control Panel Version: 3.3.0  [ Compiled: Apr 6th 2021 ]
16:44:56  [main] 	You are not running with administrator rights! This will work for
16:44:56  [main] 	most application stuff but whenever you do something with services
16:44:56  [main] 	there will be a security dialogue or things will break! So think 
16:44:56  [main] 	about running this application with administrator rights!
16:44:56  [main] 	XAMPP Installation Directory: "c:\users\kawano\documents\git_project\login_practice\xampp3\"
16:44:56  [main] 	Checking for prerequisites
16:44:57  [main] 	All prerequisites found
16:44:57  [main] 	Initializing Modules
16:44:57  [main] 	Starting Check-Timer
16:44:57  [main] 	Control Panel Ready
16:44:59  [Apache] 	Attempting to start Apache app...
16:45:00  [Apache] 	Status change detected: running
16:45:01  [mysql] 	Attempting to start MySQL app...
16:45:01  [mysql] 	Status change detected: running
16:50:05  [mysql] 	Status change detected: stopped
16:50:05  [mysql] 	Error: MySQL shutdown unexpectedly.
16:50:05  [mysql] 	This may be due to a blocked port, missing dependencies, 
16:50:05  [mysql] 	improper privileges, a crash, or a shutdown by another method.
16:50:05  [mysql] 	Press the Logs button to view error logs and check
16:50:05  [mysql] 	the Windows Event Viewer for more clues
16:50:05  [mysql] 	If you need more help, copy and post this
16:50:05  [mysql] 	entire log window on the forums
16:50:37  [mysql] 	Attempting to start MySQL app...
16:50:37  [mysql] 	Status change detected: running
17:39:22  [Apache] 	Status change detected: stopped
17:39:22  [Apache] 	Error: Apache shutdown unexpectedly.
17:39:22  [Apache] 	This may be due to a blocked port, missing dependencies, 
17:39:22  [Apache] 	improper privileges, a crash, or a shutdown by another method.
17:39:22  [Apache] 	Press the Logs button to view error logs and check
17:39:22  [Apache] 	the Windows Event Viewer for more clues
17:39:22  [Apache] 	If you need more help, copy and post this
17:39:22  [Apache] 	entire log window on the forums
17:39:22  [mysql] 	Status change detected: stopped
17:39:22  [mysql] 	Error: MySQL shutdown unexpectedly.
17:39:22  [mysql] 	This may be due to a blocked port, missing dependencies, 
17:39:22  [mysql] 	improper privileges, a crash, or a shutdown by another method.
17:39:22  [mysql] 	Press the Logs button to view error logs and check
17:39:22  [mysql] 	the Windows Event Viewer for more clues
17:39:22  [mysql] 	If you need more help, copy and post this
17:39:22  [mysql] 	entire log window on the forums
17:39:22  [main] 	Deinitializing Modules
17:39:22  [main] 	Deinitializing Control Panel

13:54:36  [main] 	Initializing Control Panel
13:54:36  [main] 	Windows Version:  Enterprise  64-bit
13:54:36  [main] 	XAMPP Version: 8.2.4
13:54:36  [main] 	Control Panel Version: 3.3.0  [ Compiled: Apr 6th 2021 ]
13:54:36  [main] 	You are not running with administrator rights! This will work for
13:54:36  [main] 	most application stuff but whenever you do something with services
13:54:36  [main] 	there will be a security dialogue or things will break! So think 
13:54:36  [main] 	about running this application with administrator rights!
13:54:36  [main] 	XAMPP Installation Directory: "c:\users\kawano\documents\git_project\login_practice\xampp3\"
13:54:36  [main] 	Checking for prerequisites
13:54:38  [main] 	All prerequisites found
13:54:38  [main] 	Initializing Modules
13:54:38  [main] 	Starting Check-Timer
13:54:38  [main] 	Control Panel Ready
13:54:40  [Apache] 	Attempting to start Apache app...
13:54:41  [Apache] 	Status change detected: running
13:54:45  [mysql] 	Attempting to start MySQL app...
13:54:46  [mysql] 	Status change detected: running
17:40:09  [Apache] 	Status change detected: stopped
17:40:09  [Apache] 	Error: Apache shutdown unexpectedly.
17:40:09  [Apache] 	This may be due to a blocked port, missing dependencies, 
17:40:09  [Apache] 	improper privileges, a crash, or a shutdown by another method.
17:40:09  [Apache] 	Press the Logs button to view error logs and check
17:40:09  [Apache] 	the Windows Event Viewer for more clues
17:40:09  [Apache] 	If you need more help, copy and post this
17:40:09  [Apache] 	entire log window on the forums
17:40:09  [mysql] 	Status change detected: stopped
17:40:09  [mysql] 	Error: MySQL shutdown unexpectedly.
17:40:09  [mysql] 	This may be due to a blocked port, missing dependencies, 
17:40:09  [mysql] 	improper privileges, a crash, or a shutdown by another method.
17:40:09  [mysql] 	Press the Logs button to view error logs and check
17:40:09  [mysql] 	the Windows Event Viewer for more clues
17:40:09  [mysql] 	If you need more help, copy and post this
17:40:09  [mysql] 	entire log window on the forums
17:40:16  [main] 	Deinitializing Modules
17:40:16  [main] 	Deinitializing Control Panel

14:10:25  [main] 	Initializing Control Panel
14:10:25  [main] 	Windows Version:  Enterprise  64-bit
14:10:25  [main] 	XAMPP Version: 8.2.4
14:10:25  [main] 	Control Panel Version: 3.3.0  [ Compiled: Apr 6th 2021 ]
14:10:25  [main] 	You are not running with administrator rights! This will work for
14:10:25  [main] 	most application stuff but whenever you do something with services
14:10:25  [main] 	there will be a security dialogue or things will break! So think 
14:10:25  [main] 	about running this application with administrator rights!
14:10:25  [main] 	XAMPP Installation Directory: "c:\users\kawano\documents\git_project\login_practice\xampp3\"
14:10:25  [main] 	Checking for prerequisites
14:10:26  [main] 	All prerequisites found
14:10:26  [main] 	Initializing Modules
14:10:26  [main] 	Starting Check-Timer
14:10:26  [main] 	Control Panel Ready
14:10:31  [Apache] 	Attempting to start Apache app...
14:10:31  [Apache] 	Status change detected: running
14:10:34  [mysql] 	Attempting to start MySQL app...
14:10:34  [mysql] 	Status change detected: running
14:26:31  [mysql] 	Status change detected: stopped
14:26:31  [mysql] 	Error: MySQL shutdown unexpectedly.
14:26:31  [mysql] 	This may be due to a blocked port, missing dependencies, 
14:26:31  [mysql] 	improper privileges, a crash, or a shutdown by another method.
14:26:31  [mysql] 	Press the Logs button to view error logs and check
14:26:31  [mysql] 	the Windows Event Viewer for more clues
14:26:31  [mysql] 	If you need more help, copy and post this
14:26:31  [mysql] 	entire log window on the forums
14:30:10  [mysql] 	Attempting to start MySQL app...
14:30:10  [mysql] 	Status change detected: running
17:37:28  [main] 	Deinitializing Modules
17:37:28  [main] 	Deinitializing Control Panel

14:30:59  [main] 	Initializing Control Panel
14:30:59  [main] 	Windows Version:  Enterprise  64-bit
14:30:59  [main] 	XAMPP Version: 8.2.4
14:30:59  [main] 	Control Panel Version: 3.3.0  [ Compiled: Apr 6th 2021 ]
14:30:59  [main] 	You are not running with administrator rights! This will work for
14:30:59  [main] 	most application stuff but whenever you do something with services
14:30:59  [main] 	there will be a security dialogue or things will break! So think 
14:30:59  [main] 	about running this application with administrator rights!
14:30:59  [main] 	XAMPP Installation Directory: "c:\users\kawano\documents\git_project\login_practice\xampp3\"
14:30:59  [main] 	Checking for prerequisites
14:30:59  [main] 	All prerequisites found
14:30:59  [main] 	Initializing Modules
14:30:59  [mysql] 	XAMPP MySQL is already running on port 3306
14:30:59  [main] 	Starting Check-Timer
14:30:59  [main] 	Control Panel Ready
14:32:37  [Apache] 	Attempting to start Apache app...
14:32:37  [Apache] 	Status change detected: running
14:36:10  [Apache] 	Attempting to stop Apache (PID: 23204)
14:36:10  [Apache] 	Attempting to stop Apache (PID: 4776)
14:36:10  [Apache] 	Status change detected: stopped
14:36:11  [Apache] 	Attempting to start Apache app...
14:36:11  [Apache] 	Status change detected: running
14:36:14  [Apache] 	Attempting to stop Apache (PID: 13792)
14:36:14  [Apache] 	Attempting to stop Apache (PID: 4052)
14:36:14  [Apache] 	Status change detected: stopped
14:36:15  [Apache] 	Attempting to start Apache app...
14:36:15  [Apache] 	Status change detected: running
14:36:22  [main] 	Executing "c:\users\kawano\documents\git_project\login_practice\xampp3\apache"
14:37:37  [Apache] 	Attempting to stop Apache (PID: 9912)
14:37:37  [Apache] 	Attempting to stop Apache (PID: 13340)
14:37:37  [Apache] 	Status change detected: stopped
14:37:38  [Apache] 	Attempting to start Apache app...
14:37:38  [Apache] 	Status change detected: running
15:57:05  [Apache] 	Attempting to stop Apache (PID: 23712)
15:57:05  [Apache] 	Attempting to stop Apache (PID: 18056)
15:57:05  [Apache] 	Status change detected: stopped
15:57:06  [Apache] 	Attempting to start Apache app...
15:57:06  [Apache] 	Status change detected: running
17:44:50  [Apache] 	Status change detected: stopped
17:44:50  [Apache] 	Error: Apache shutdown unexpectedly.
17:44:50  [Apache] 	This may be due to a blocked port, missing dependencies, 
17:44:50  [Apache] 	improper privileges, a crash, or a shutdown by another method.
17:44:50  [Apache] 	Press the Logs button to view error logs and check
17:44:50  [Apache] 	the Windows Event Viewer for more clues
17:44:50  [Apache] 	If you need more help, copy and post this
17:44:50  [Apache] 	entire log window on the forums
17:44:50  [mysql] 	Status change detected: stopped
17:44:50  [mysql] 	Error: MySQL shutdown unexpectedly.
17:44:50  [mysql] 	This may be due to a blocked port, missing dependencies, 
17:44:50  [mysql] 	improper privileges, a crash, or a shutdown by another method.
17:44:50  [mysql] 	Press the Logs button to view error logs and check
17:44:50  [mysql] 	the Windows Event Viewer for more clues
17:44:50  [mysql] 	If you need more help, copy and post this
17:44:50  [mysql] 	entire log window on the forums
17:44:50  [main] 	Deinitializing Modules
17:44:50  [main] 	Deinitializing Control Panel

