[Thu Jun 29 16:29:37.523460 2023] [ssl:warn] [pid 16464:tid 348] AH01909: www.example.com:443:0 server certificate does NOT include an ID which matches the server name
[Thu Jun 29 16:29:37.627641 2023] [ssl:warn] [pid 16464:tid 348] AH01909: www.example.com:443:0 server certificate does NOT include an ID which matches the server name
[Thu Jun 29 16:29:38.517057 2023] [mpm_winnt:notice] [pid 16464:tid 348] AH00455: Apache/2.4.56 (Win64) OpenSSL/1.1.1t PHP/8.2.4 configured -- resuming normal operations
[Thu Jun 29 16:29:38.517057 2023] [mpm_winnt:notice] [pid 16464:tid 348] AH00456: Apache Lounge VS16 Server built: Mar  7 2023 13:21:03
[Thu Jun 29 16:29:38.517057 2023] [core:notice] [pid 16464:tid 348] AH00094: Command line: 'c:\\xampp3\\apache\\bin\\httpd.exe -d C:/xampp3/apache'
[Thu Jun 29 16:29:38.532684 2023] [mpm_winnt:notice] [pid 16464:tid 348] AH00418: Parent: Created child process 17280
[Thu Jun 29 16:29:39.733428 2023] [ssl:warn] [pid 17280:tid 360] AH01909: www.example.com:443:0 server certificate does NOT include an ID which matches the server name
[Thu Jun 29 16:29:39.843226 2023] [ssl:warn] [pid 17280:tid 360] AH01909: www.example.com:443:0 server certificate does NOT include an ID which matches the server name
[Thu Jun 29 16:29:39.937397 2023] [mpm_winnt:notice] [pid 17280:tid 360] AH00354: Child: Starting 150 worker threads.
[Thu Jun 29 16:42:36.953278 2023] [ssl:warn] [pid 8956:tid 352] AH01909: www.example.com:443:0 server certificate does NOT include an ID which matches the server name
[Thu Jun 29 16:42:37.006968 2023] [core:warn] [pid 8956:tid 352] AH00098: pid file C:/xampp3/apache/logs/httpd.pid overwritten -- Unclean shutdown of previous Apache run?
[Thu Jun 29 16:42:37.010865 2023] [ssl:warn] [pid 8956:tid 352] AH01909: www.example.com:443:0 server certificate does NOT include an ID which matches the server name
[Thu Jun 29 16:42:37.324538 2023] [mpm_winnt:notice] [pid 8956:tid 352] AH00455: Apache/2.4.56 (Win64) OpenSSL/1.1.1t PHP/8.2.4 configured -- resuming normal operations
[Thu Jun 29 16:42:37.324538 2023] [mpm_winnt:notice] [pid 8956:tid 352] AH00456: Apache Lounge VS16 Server built: Mar  7 2023 13:21:03
[Thu Jun 29 16:42:37.324538 2023] [core:notice] [pid 8956:tid 352] AH00094: Command line: 'c:\\xampp3\\apache\\bin\\httpd.exe -d C:/xampp3/apache'
[Thu Jun 29 16:42:37.330001 2023] [mpm_winnt:notice] [pid 8956:tid 352] AH00418: Parent: Created child process 15964
[Thu Jun 29 16:42:37.687466 2023] [ssl:warn] [pid 15964:tid 368] AH01909: www.example.com:443:0 server certificate does NOT include an ID which matches the server name
[Thu Jun 29 16:42:37.730217 2023] [ssl:warn] [pid 15964:tid 368] AH01909: www.example.com:443:0 server certificate does NOT include an ID which matches the server name
[Thu Jun 29 16:42:37.766134 2023] [mpm_winnt:notice] [pid 15964:tid 368] AH00354: Child: Starting 150 worker threads.
[Thu Jun 29 16:53:47.120359 2023] [ssl:warn] [pid 20816:tid 340] AH01909: www.example.com:443:0 server certificate does NOT include an ID which matches the server name
[Thu Jun 29 16:53:47.180665 2023] [core:warn] [pid 20816:tid 340] AH00098: pid file C:/xampp3/apache/logs/httpd.pid overwritten -- Unclean shutdown of previous Apache run?
[Thu Jun 29 16:53:47.184294 2023] [ssl:warn] [pid 20816:tid 340] AH01909: www.example.com:443:0 server certificate does NOT include an ID which matches the server name
[Thu Jun 29 16:53:47.504572 2023] [mpm_winnt:notice] [pid 20816:tid 340] AH00455: Apache/2.4.56 (Win64) OpenSSL/1.1.1t PHP/8.2.4 configured -- resuming normal operations
[Thu Jun 29 16:53:47.504572 2023] [mpm_winnt:notice] [pid 20816:tid 340] AH00456: Apache Lounge VS16 Server built: Mar  7 2023 13:21:03
[Thu Jun 29 16:53:47.504572 2023] [core:notice] [pid 20816:tid 340] AH00094: Command line: 'c:\\xampp3\\apache\\bin\\httpd.exe -d C:/xampp3/apache'
[Thu Jun 29 16:53:47.507533 2023] [mpm_winnt:notice] [pid 20816:tid 340] AH00418: Parent: Created child process 2592
[Thu Jun 29 16:53:47.911912 2023] [ssl:warn] [pid 2592:tid 364] AH01909: www.example.com:443:0 server certificate does NOT include an ID which matches the server name
[Thu Jun 29 16:53:47.952643 2023] [ssl:warn] [pid 2592:tid 364] AH01909: www.example.com:443:0 server certificate does NOT include an ID which matches the server name
[Thu Jun 29 16:53:47.991914 2023] [mpm_winnt:notice] [pid 2592:tid 364] AH00354: Child: Starting 150 worker threads.
[Thu Jun 29 16:56:05.694342 2023] [php:error] [pid 2592:tid 1892] [client ::1:52131] script 'C:/xampp3/htdocs/register.php' not found or unable to stat
[Thu Jun 29 17:03:57.482831 2023] [php:error] [pid 2592:tid 1892] [client ::1:52228] script 'C:/xampp3/htdocs/login.php' not found or unable to stat
[Thu Jun 29 17:04:51.055103 2023] [php:error] [pid 2592:tid 1892] [client ::1:52234] script 'C:/xampp3/htdocs/login.php' not found or unable to stat
[Thu Jun 29 17:04:51.885615 2023] [php:error] [pid 2592:tid 1892] [client ::1:52234] script 'C:/xampp3/htdocs/login.php' not found or unable to stat
[Thu Jun 29 17:04:52.106970 2023] [php:error] [pid 2592:tid 1892] [client ::1:52234] script 'C:/xampp3/htdocs/login.php' not found or unable to stat
[Thu Jun 29 17:13:24.611617 2023] [ssl:warn] [pid 20800:tid 348] AH01909: www.example.com:443:0 server certificate does NOT include an ID which matches the server name
[Thu Jun 29 17:13:24.667004 2023] [core:warn] [pid 20800:tid 348] AH00098: pid file C:/xampp3/apache/logs/httpd.pid overwritten -- Unclean shutdown of previous Apache run?
[Thu Jun 29 17:13:24.671368 2023] [ssl:warn] [pid 20800:tid 348] AH01909: www.example.com:443:0 server certificate does NOT include an ID which matches the server name
[Thu Jun 29 17:13:24.959553 2023] [mpm_winnt:notice] [pid 20800:tid 348] AH00455: Apache/2.4.56 (Win64) OpenSSL/1.1.1t PHP/8.2.4 configured -- resuming normal operations
[Thu Jun 29 17:13:24.959553 2023] [mpm_winnt:notice] [pid 20800:tid 348] AH00456: Apache Lounge VS16 Server built: Mar  7 2023 13:21:03
[Thu Jun 29 17:13:24.959553 2023] [core:notice] [pid 20800:tid 348] AH00094: Command line: 'c:\\xampp3\\apache\\bin\\httpd.exe -d C:/xampp3/apache'
[Thu Jun 29 17:13:24.960094 2023] [mpm_winnt:notice] [pid 20800:tid 348] AH00418: Parent: Created child process 20868
[Thu Jun 29 17:13:25.318755 2023] [ssl:warn] [pid 20868:tid 336] AH01909: www.example.com:443:0 server certificate does NOT include an ID which matches the server name
[Thu Jun 29 17:13:25.364616 2023] [ssl:warn] [pid 20868:tid 336] AH01909: www.example.com:443:0 server certificate does NOT include an ID which matches the server name
[Thu Jun 29 17:13:25.409685 2023] [mpm_winnt:notice] [pid 20868:tid 336] AH00354: Child: Starting 150 worker threads.
[Thu Jun 29 17:14:01.871734 2023] [php:error] [pid 20868:tid 1868] [client ::1:52427] script 'C:/xampp3/htdocs/login.php' not found or unable to stat
[Thu Jun 29 17:14:03.999257 2023] [php:error] [pid 20868:tid 1868] [client ::1:52427] script 'C:/xampp3/htdocs/login.php' not found or unable to stat
[Thu Jun 29 18:20:57.583087 2023] [ssl:warn] [pid 7256:tid 380] AH01909: www.example.com:443:0 server certificate does NOT include an ID which matches the server name
[Thu Jun 29 18:20:57.631557 2023] [core:warn] [pid 7256:tid 380] AH00098: pid file C:/Users/kawano/Documents/Git_Project/Login_practice/xampp3/apache/logs/httpd.pid overwritten -- Unclean shutdown of previous Apache run?
[Thu Jun 29 18:20:57.645645 2023] [ssl:warn] [pid 7256:tid 380] AH01909: www.example.com:443:0 server certificate does NOT include an ID which matches the server name
[Thu Jun 29 18:20:58.011377 2023] [mpm_winnt:notice] [pid 7256:tid 380] AH00455: Apache/2.4.56 (Win64) OpenSSL/1.1.1t PHP/8.2.4 configured -- resuming normal operations
[Thu Jun 29 18:20:58.011377 2023] [mpm_winnt:notice] [pid 7256:tid 380] AH00456: Apache Lounge VS16 Server built: Mar  7 2023 13:21:03
[Thu Jun 29 18:20:58.011377 2023] [core:notice] [pid 7256:tid 380] AH00094: Command line: 'c:\\users\\kawano\\documents\\git_project\\login_practice\\xampp3\\apache\\bin\\httpd.exe -d C:/Users/kawano/Documents/Git_Project/Login_practice/xampp3/apache'
[Thu Jun 29 18:20:58.021914 2023] [mpm_winnt:notice] [pid 7256:tid 380] AH00418: Parent: Created child process 6880
[Thu Jun 29 18:20:58.497526 2023] [ssl:warn] [pid 6880:tid 380] AH01909: www.example.com:443:0 server certificate does NOT include an ID which matches the server name
[Thu Jun 29 18:20:58.552693 2023] [ssl:warn] [pid 6880:tid 380] AH01909: www.example.com:443:0 server certificate does NOT include an ID which matches the server name
[Thu Jun 29 18:20:58.595545 2023] [mpm_winnt:notice] [pid 6880:tid 380] AH00354: Child: Starting 150 worker threads.
[Fri Jun 30 09:25:32.886428 2023] [ssl:warn] [pid 8272:tid 344] AH01909: www.example.com:443:0 server certificate does NOT include an ID which matches the server name
[Fri Jun 30 09:25:32.968944 2023] [core:warn] [pid 8272:tid 344] AH00098: pid file C:/Users/kawano/Documents/Git_Project/Login_practice/xampp3/apache/logs/httpd.pid overwritten -- Unclean shutdown of previous Apache run?
[Fri Jun 30 09:25:32.972291 2023] [ssl:warn] [pid 8272:tid 344] AH01909: www.example.com:443:0 server certificate does NOT include an ID which matches the server name
[Fri Jun 30 09:25:33.398721 2023] [mpm_winnt:notice] [pid 8272:tid 344] AH00455: Apache/2.4.56 (Win64) OpenSSL/1.1.1t PHP/8.2.4 configured -- resuming normal operations
[Fri Jun 30 09:25:33.398721 2023] [mpm_winnt:notice] [pid 8272:tid 344] AH00456: Apache Lounge VS16 Server built: Mar  7 2023 13:21:03
[Fri Jun 30 09:25:33.398721 2023] [core:notice] [pid 8272:tid 344] AH00094: Command line: 'c:\\users\\kawano\\documents\\git_project\\login_practice\\xampp3\\apache\\bin\\httpd.exe -d C:/Users/kawano/Documents/Git_Project/Login_practice/xampp3/apache'
[Fri Jun 30 09:25:33.415924 2023] [mpm_winnt:notice] [pid 8272:tid 344] AH00418: Parent: Created child process 11876
[Fri Jun 30 09:25:34.069424 2023] [ssl:warn] [pid 11876:tid 352] AH01909: www.example.com:443:0 server certificate does NOT include an ID which matches the server name
[Fri Jun 30 09:25:34.156161 2023] [ssl:warn] [pid 11876:tid 352] AH01909: www.example.com:443:0 server certificate does NOT include an ID which matches the server name
[Fri Jun 30 09:25:34.235642 2023] [mpm_winnt:notice] [pid 11876:tid 352] AH00354: Child: Starting 150 worker threads.
[Wed Jul 05 11:24:13.215006 2023] [ssl:warn] [pid 10700:tid 356] AH01909: www.example.com:443:0 server certificate does NOT include an ID which matches the server name
[Wed Jul 05 11:24:13.273681 2023] [core:warn] [pid 10700:tid 356] AH00098: pid file C:/Users/kawano/Documents/Git_Project/Login_practice/xampp3/apache/logs/httpd.pid overwritten -- Unclean shutdown of previous Apache run?
[Wed Jul 05 11:24:13.277055 2023] [ssl:warn] [pid 10700:tid 356] AH01909: www.example.com:443:0 server certificate does NOT include an ID which matches the server name
[Wed Jul 05 11:24:13.575478 2023] [mpm_winnt:notice] [pid 10700:tid 356] AH00455: Apache/2.4.56 (Win64) OpenSSL/1.1.1t PHP/8.2.4 configured -- resuming normal operations
[Wed Jul 05 11:24:13.575478 2023] [mpm_winnt:notice] [pid 10700:tid 356] AH00456: Apache Lounge VS16 Server built: Mar  7 2023 13:21:03
[Wed Jul 05 11:24:13.575478 2023] [core:notice] [pid 10700:tid 356] AH00094: Command line: 'c:\\users\\kawano\\documents\\git_project\\login_practice\\xampp3\\apache\\bin\\httpd.exe -d C:/Users/kawano/Documents/Git_Project/Login_practice/xampp3/apache'
[Wed Jul 05 11:24:13.579646 2023] [mpm_winnt:notice] [pid 10700:tid 356] AH00418: Parent: Created child process 23724
[Wed Jul 05 11:24:14.069894 2023] [ssl:warn] [pid 23724:tid 364] AH01909: www.example.com:443:0 server certificate does NOT include an ID which matches the server name
[Wed Jul 05 11:24:14.128282 2023] [ssl:warn] [pid 23724:tid 364] AH01909: www.example.com:443:0 server certificate does NOT include an ID which matches the server name
[Wed Jul 05 11:24:14.174655 2023] [mpm_winnt:notice] [pid 23724:tid 364] AH00354: Child: Starting 150 worker threads.
[Wed Jul 05 11:47:11.989523 2023] [php:warn] [pid 23724:tid 1868] [client ::1:56608] PHP Warning:  include(conf.html): Failed to open stream: No such file or directory in C:\\Users\\kawano\\Documents\\Git_Project\\Login_practice\\xampp3\\htdocs\\login\\post.php on line 8, referer: http://localhost/login/index.html?
[Wed Jul 05 11:47:11.990535 2023] [php:warn] [pid 23724:tid 1868] [client ::1:56608] PHP Warning:  include(): Failed opening 'conf.html' for inclusion (include_path='C:\\Users\\kawano\\Documents\\Git_Project\\Login_practice\\xampp3\\php\\PEAR') in C:\\Users\\kawano\\Documents\\Git_Project\\Login_practice\\xampp3\\htdocs\\login\\post.php on line 8, referer: http://localhost/login/index.html?
[Wed Jul 05 11:48:10.325631 2023] [php:warn] [pid 23724:tid 1868] [client ::1:56646] PHP Warning:  Undefined array key "name" in C:\\Users\\kawano\\Documents\\Git_Project\\Login_practice\\xampp3\\htdocs\\login\\index.php on line 3, referer: http://localhost/login/home.php
[Wed Jul 05 11:48:10.327654 2023] [php:warn] [pid 23724:tid 1868] [client ::1:56646] PHP Warning:  Undefined array key "gender" in C:\\Users\\kawano\\Documents\\Git_Project\\Login_practice\\xampp3\\htdocs\\login\\index.php on line 4, referer: http://localhost/login/home.php
[Wed Jul 05 11:48:10.328647 2023] [php:warn] [pid 23724:tid 1868] [client ::1:56646] PHP Warning:  Undefined array key "blood" in C:\\Users\\kawano\\Documents\\Git_Project\\Login_practice\\xampp3\\htdocs\\login\\index.php on line 5, referer: http://localhost/login/home.php
[Wed Jul 05 11:48:10.328647 2023] [php:warn] [pid 23724:tid 1868] [client ::1:56646] PHP Warning:  Undefined array key "opinion" in C:\\Users\\kawano\\Documents\\Git_Project\\Login_practice\\xampp3\\htdocs\\login\\index.php on line 6, referer: http://localhost/login/home.php
[Wed Jul 05 11:50:05.169534 2023] [php:warn] [pid 23724:tid 1868] [client ::1:56695] PHP Warning:  Undefined array key "gender" in C:\\Users\\kawano\\Documents\\Git_Project\\Login_practice\\xampp3\\htdocs\\login\\post.php on line 4, referer: http://localhost/login/index.php?
[Wed Jul 05 11:51:09.116221 2023] [php:warn] [pid 23724:tid 1868] [client ::1:56734] PHP Warning:  Undefined array key "gender" in C:\\Users\\kawano\\Documents\\Git_Project\\Login_practice\\xampp3\\htdocs\\login\\post.php on line 4, referer: http://localhost/login/index.html?
[Wed Jul 05 11:52:43.480531 2023] [php:warn] [pid 23724:tid 1868] [client ::1:56768] PHP Warning:  Undefined array key "gender" in C:\\Users\\kawano\\Documents\\Git_Project\\Login_practice\\xampp3\\htdocs\\login\\post.php on line 4, referer: http://localhost/login/index.html?
[Wed Jul 05 11:55:15.292994 2023] [php:warn] [pid 23724:tid 1868] [client ::1:56808] PHP Warning:  Undefined array key "gender" in C:\\Users\\kawano\\Documents\\Git_Project\\Login_practice\\xampp3\\htdocs\\login\\post.php on line 4, referer: http://localhost/login/index.html?
[Wed Jul 05 11:56:15.395961 2023] [php:warn] [pid 23724:tid 1868] [client ::1:56823] PHP Warning:  Undefined array key "gender" in C:\\Users\\kawano\\Documents\\Git_Project\\Login_practice\\xampp3\\htdocs\\login\\post.php on line 4, referer: http://localhost/login/index.html?
[Wed Jul 05 11:59:45.226290 2023] [php:warn] [pid 23724:tid 1868] [client ::1:56916] PHP Warning:  Undefined array key "gender" in C:\\Users\\kawano\\Documents\\Git_Project\\Login_practice\\xampp3\\htdocs\\login\\post.php on line 4, referer: http://localhost/login/index.html?
[Wed Jul 05 12:00:49.866802 2023] [php:warn] [pid 23724:tid 1868] [client ::1:56945] PHP Warning:  Undefined array key "gender" in C:\\Users\\kawano\\Documents\\Git_Project\\Login_practice\\xampp3\\htdocs\\login\\post.php on line 4, referer: http://localhost/login/index.html?
[Wed Jul 05 12:03:22.678429 2023] [php:warn] [pid 23724:tid 1868] [client ::1:56988] PHP Warning:  Undefined array key "gender" in C:\\Users\\kawano\\Documents\\Git_Project\\Login_practice\\xampp3\\htdocs\\login\\post.php on line 4, referer: http://localhost/login/index.html?
[Wed Jul 05 12:03:50.263540 2023] [php:warn] [pid 23724:tid 1868] [client ::1:56997] PHP Warning:  Undefined array key "gender" in C:\\Users\\kawano\\Documents\\Git_Project\\Login_practice\\xampp3\\htdocs\\login\\post.php on line 4, referer: http://localhost/login/index.html?
[Wed Jul 05 12:04:04.085646 2023] [php:warn] [pid 23724:tid 1868] [client ::1:57010] PHP Warning:  Undefined array key "name" in C:\\Users\\kawano\\Documents\\Git_Project\\Login_practice\\xampp3\\htdocs\\login\\post.php on line 3, referer: http://localhost/login/post.php
[Wed Jul 05 12:04:04.085646 2023] [php:warn] [pid 23724:tid 1868] [client ::1:57010] PHP Warning:  Undefined array key "gender" in C:\\Users\\kawano\\Documents\\Git_Project\\Login_practice\\xampp3\\htdocs\\login\\post.php on line 4, referer: http://localhost/login/post.php
[Wed Jul 05 12:04:04.087146 2023] [php:warn] [pid 23724:tid 1868] [client ::1:57010] PHP Warning:  Undefined array key "blood" in C:\\Users\\kawano\\Documents\\Git_Project\\Login_practice\\xampp3\\htdocs\\login\\post.php on line 5, referer: http://localhost/login/post.php
[Wed Jul 05 12:04:04.087146 2023] [php:warn] [pid 23724:tid 1868] [client ::1:57010] PHP Warning:  Undefined array key "opinion" in C:\\Users\\kawano\\Documents\\Git_Project\\Login_practice\\xampp3\\htdocs\\login\\post.php on line 6, referer: http://localhost/login/post.php
[Wed Jul 05 12:04:06.640587 2023] [php:warn] [pid 23724:tid 1868] [client ::1:57010] PHP Warning:  Undefined array key "name" in C:\\Users\\kawano\\Documents\\Git_Project\\Login_practice\\xampp3\\htdocs\\login\\post.php on line 3, referer: http://localhost/login/post.php?
[Wed Jul 05 12:04:06.641718 2023] [php:warn] [pid 23724:tid 1868] [client ::1:57010] PHP Warning:  Undefined array key "gender" in C:\\Users\\kawano\\Documents\\Git_Project\\Login_practice\\xampp3\\htdocs\\login\\post.php on line 4, referer: http://localhost/login/post.php?
[Wed Jul 05 12:04:06.641718 2023] [php:warn] [pid 23724:tid 1868] [client ::1:57010] PHP Warning:  Undefined array key "blood" in C:\\Users\\kawano\\Documents\\Git_Project\\Login_practice\\xampp3\\htdocs\\login\\post.php on line 5, referer: http://localhost/login/post.php?
[Wed Jul 05 12:04:06.642730 2023] [php:warn] [pid 23724:tid 1868] [client ::1:57010] PHP Warning:  Undefined array key "opinion" in C:\\Users\\kawano\\Documents\\Git_Project\\Login_practice\\xampp3\\htdocs\\login\\post.php on line 6, referer: http://localhost/login/post.php?
[Wed Jul 05 12:04:11.204373 2023] [php:warn] [pid 23724:tid 1868] [client ::1:57010] PHP Warning:  Undefined array key "gender" in C:\\Users\\kawano\\Documents\\Git_Project\\Login_practice\\xampp3\\htdocs\\login\\post.php on line 4, referer: http://localhost/login/index.html?
[Wed Jul 05 12:05:17.777655 2023] [php:warn] [pid 23724:tid 1868] [client ::1:57041] PHP Warning:  Undefined array key "gender" in C:\\Users\\kawano\\Documents\\Git_Project\\Login_practice\\xampp3\\htdocs\\login\\post.php on line 4, referer: http://localhost/login/index.html?
[Wed Jul 05 12:05:23.825957 2023] [php:warn] [pid 23724:tid 1868] [client ::1:57048] PHP Warning:  Undefined array key "name" in C:\\Users\\kawano\\Documents\\Git_Project\\Login_practice\\xampp3\\htdocs\\login\\post.php on line 3, referer: http://localhost/login/post.php
[Wed Jul 05 12:05:23.825957 2023] [php:warn] [pid 23724:tid 1868] [client ::1:57048] PHP Warning:  Undefined array key "gender" in C:\\Users\\kawano\\Documents\\Git_Project\\Login_practice\\xampp3\\htdocs\\login\\post.php on line 4, referer: http://localhost/login/post.php
[Wed Jul 05 12:05:23.827357 2023] [php:warn] [pid 23724:tid 1868] [client ::1:57048] PHP Warning:  Undefined array key "blood" in C:\\Users\\kawano\\Documents\\Git_Project\\Login_practice\\xampp3\\htdocs\\login\\post.php on line 5, referer: http://localhost/login/post.php
[Wed Jul 05 12:05:23.827357 2023] [php:warn] [pid 23724:tid 1868] [client ::1:57048] PHP Warning:  Undefined array key "opinion" in C:\\Users\\kawano\\Documents\\Git_Project\\Login_practice\\xampp3\\htdocs\\login\\post.php on line 6, referer: http://localhost/login/post.php
[Wed Jul 05 12:08:18.697066 2023] [php:warn] [pid 23724:tid 1868] [client ::1:57098] PHP Warning:  Undefined array key "gender" in C:\\Users\\kawano\\Documents\\Git_Project\\Login_practice\\xampp3\\htdocs\\login\\post.php on line 4, referer: http://localhost/login/index.html?
[Wed Jul 05 12:10:32.020579 2023] [php:warn] [pid 23724:tid 1868] [client ::1:57160] PHP Warning:  Undefined array key "gender" in C:\\Users\\kawano\\Documents\\Git_Project\\Login_practice\\xampp3\\htdocs\\login\\post.php on line 4, referer: http://localhost/login/index.html?
[Wed Jul 05 12:16:25.522886 2023] [php:warn] [pid 23724:tid 1868] [client ::1:57256] PHP Warning:  Undefined array key "gender" in C:\\Users\\kawano\\Documents\\Git_Project\\Login_practice\\xampp3\\htdocs\\login\\post.php on line 4, referer: http://localhost/login/index.html?
[Wed Jul 05 12:20:02.004662 2023] [php:warn] [pid 23724:tid 1868] [client ::1:57385] PHP Warning:  Undefined array key "gender" in C:\\Users\\kawano\\Documents\\Git_Project\\Login_practice\\xampp3\\htdocs\\login\\post.php on line 4, referer: http://localhost/login/index.html?
[Wed Jul 05 12:20:03.458014 2023] [php:warn] [pid 23724:tid 1868] [client ::1:57385] PHP Warning:  Undefined array key "name" in C:\\Users\\kawano\\Documents\\Git_Project\\Login_practice\\xampp3\\htdocs\\login\\post.php on line 3, referer: http://localhost/login/post.php
[Wed Jul 05 12:20:03.459021 2023] [php:warn] [pid 23724:tid 1868] [client ::1:57385] PHP Warning:  Undefined array key "gender" in C:\\Users\\kawano\\Documents\\Git_Project\\Login_practice\\xampp3\\htdocs\\login\\post.php on line 4, referer: http://localhost/login/post.php
[Wed Jul 05 12:20:03.460033 2023] [php:warn] [pid 23724:tid 1868] [client ::1:57385] PHP Warning:  Undefined array key "blood" in C:\\Users\\kawano\\Documents\\Git_Project\\Login_practice\\xampp3\\htdocs\\login\\post.php on line 5, referer: http://localhost/login/post.php
[Wed Jul 05 12:20:03.460033 2023] [php:warn] [pid 23724:tid 1868] [client ::1:57385] PHP Warning:  Undefined array key "opinion" in C:\\Users\\kawano\\Documents\\Git_Project\\Login_practice\\xampp3\\htdocs\\login\\post.php on line 6, referer: http://localhost/login/post.php
[Wed Jul 05 12:20:07.645980 2023] [php:warn] [pid 23724:tid 1868] [client ::1:57385] PHP Warning:  Undefined array key "gender" in C:\\Users\\kawano\\Documents\\Git_Project\\Login_practice\\xampp3\\htdocs\\login\\post.php on line 4, referer: http://localhost/login/index.html?
[Wed Jul 05 12:20:13.605569 2023] [php:warn] [pid 23724:tid 1868] [client ::1:63394] PHP Warning:  Undefined array key "gender" in C:\\Users\\kawano\\Documents\\Git_Project\\Login_practice\\xampp3\\htdocs\\login\\post.php on line 4, referer: http://localhost/login/index.html?
[Wed Jul 05 12:20:17.883192 2023] [php:warn] [pid 23724:tid 1868] [client ::1:63394] PHP Warning:  Undefined array key "name" in C:\\Users\\kawano\\Documents\\Git_Project\\Login_practice\\xampp3\\htdocs\\login\\post.php on line 3, referer: http://localhost/login/post.php
[Wed Jul 05 12:20:17.884359 2023] [php:warn] [pid 23724:tid 1868] [client ::1:63394] PHP Warning:  Undefined array key "gender" in C:\\Users\\kawano\\Documents\\Git_Project\\Login_practice\\xampp3\\htdocs\\login\\post.php on line 4, referer: http://localhost/login/post.php
[Wed Jul 05 12:20:17.884359 2023] [php:warn] [pid 23724:tid 1868] [client ::1:63394] PHP Warning:  Undefined array key "blood" in C:\\Users\\kawano\\Documents\\Git_Project\\Login_practice\\xampp3\\htdocs\\login\\post.php on line 5, referer: http://localhost/login/post.php
[Wed Jul 05 12:20:17.884359 2023] [php:warn] [pid 23724:tid 1868] [client ::1:63394] PHP Warning:  Undefined array key "opinion" in C:\\Users\\kawano\\Documents\\Git_Project\\Login_practice\\xampp3\\htdocs\\login\\post.php on line 6, referer: http://localhost/login/post.php
[Wed Jul 05 12:51:03.154440 2023] [php:warn] [pid 23724:tid 1868] [client ::1:64235] PHP Warning:  Undefined array key "name" in C:\\Users\\kawano\\Documents\\Git_Project\\Login_practice\\xampp3\\htdocs\\login\\post.php on line 3, referer: http://localhost/login/post.php
[Wed Jul 05 12:51:03.155461 2023] [php:warn] [pid 23724:tid 1868] [client ::1:64235] PHP Warning:  Undefined array key "gender" in C:\\Users\\kawano\\Documents\\Git_Project\\Login_practice\\xampp3\\htdocs\\login\\post.php on line 4, referer: http://localhost/login/post.php
[Wed Jul 05 12:51:03.155461 2023] [php:warn] [pid 23724:tid 1868] [client ::1:64235] PHP Warning:  Undefined array key "blood" in C:\\Users\\kawano\\Documents\\Git_Project\\Login_practice\\xampp3\\htdocs\\login\\post.php on line 5, referer: http://localhost/login/post.php
[Wed Jul 05 12:51:03.156474 2023] [php:warn] [pid 23724:tid 1868] [client ::1:64235] PHP Warning:  Undefined array key "opinion" in C:\\Users\\kawano\\Documents\\Git_Project\\Login_practice\\xampp3\\htdocs\\login\\post.php on line 6, referer: http://localhost/login/post.php
[Wed Jul 05 12:51:08.340698 2023] [php:warn] [pid 23724:tid 1868] [client ::1:64235] PHP Warning:  Undefined array key "gender" in C:\\Users\\kawano\\Documents\\Git_Project\\Login_practice\\xampp3\\htdocs\\login\\post.php on line 4, referer: http://localhost/login/index.html?
[Wed Jul 05 12:51:11.275484 2023] [php:warn] [pid 23724:tid 1868] [client ::1:64235] PHP Warning:  Undefined array key "gender" in C:\\Users\\kawano\\Documents\\Git_Project\\Login_practice\\xampp3\\htdocs\\login\\post.php on line 4, referer: http://localhost/login/index.html?
[Wed Jul 05 12:51:12.650997 2023] [php:warn] [pid 23724:tid 1868] [client ::1:64235] PHP Warning:  Undefined array key "name" in C:\\Users\\kawano\\Documents\\Git_Project\\Login_practice\\xampp3\\htdocs\\login\\post.php on line 3, referer: http://localhost/login/post.php
[Wed Jul 05 12:51:12.651728 2023] [php:warn] [pid 23724:tid 1868] [client ::1:64235] PHP Warning:  Undefined array key "gender" in C:\\Users\\kawano\\Documents\\Git_Project\\Login_practice\\xampp3\\htdocs\\login\\post.php on line 4, referer: http://localhost/login/post.php
[Wed Jul 05 12:51:12.651728 2023] [php:warn] [pid 23724:tid 1868] [client ::1:64235] PHP Warning:  Undefined array key "blood" in C:\\Users\\kawano\\Documents\\Git_Project\\Login_practice\\xampp3\\htdocs\\login\\post.php on line 5, referer: http://localhost/login/post.php
[Wed Jul 05 12:51:12.652148 2023] [php:warn] [pid 23724:tid 1868] [client ::1:64235] PHP Warning:  Undefined array key "opinion" in C:\\Users\\kawano\\Documents\\Git_Project\\Login_practice\\xampp3\\htdocs\\login\\post.php on line 6, referer: http://localhost/login/post.php
[Wed Jul 05 13:00:30.160562 2023] [php:warn] [pid 23724:tid 1868] [client ::1:64466] PHP Warning:  Undefined array key "gender" in C:\\Users\\kawano\\Documents\\Git_Project\\Login_practice\\xampp3\\htdocs\\login\\post.php on line 4, referer: http://localhost/login/index.html?
[Wed Jul 05 13:00:38.135377 2023] [php:warn] [pid 23724:tid 1868] [client ::1:64470] PHP Warning:  Undefined array key "gender" in C:\\Users\\kawano\\Documents\\Git_Project\\Login_practice\\xampp3\\htdocs\\login\\post.php on line 4, referer: http://localhost/login/index.html?
[Wed Jul 05 13:01:00.034114 2023] [php:warn] [pid 23724:tid 1868] [client ::1:64478] PHP Warning:  Undefined array key "gender" in C:\\Users\\kawano\\Documents\\Git_Project\\Login_practice\\xampp3\\htdocs\\login\\post.php on line 4, referer: http://localhost/login/index.html?
[Wed Jul 05 13:01:03.922821 2023] [php:warn] [pid 23724:tid 1868] [client ::1:64478] PHP Warning:  Undefined array key "gender" in C:\\Users\\kawano\\Documents\\Git_Project\\Login_practice\\xampp3\\htdocs\\login\\post.php on line 4, referer: http://localhost/login/index.html?
[Wed Jul 05 13:01:55.493119 2023] [php:warn] [pid 23724:tid 1868] [client ::1:64507] PHP Warning:  Undefined array key "gender" in C:\\Users\\kawano\\Documents\\Git_Project\\Login_practice\\xampp3\\htdocs\\login\\post.php on line 4, referer: http://localhost/login/index.html?
[Wed Jul 05 13:04:35.469757 2023] [php:warn] [pid 23724:tid 1868] [client ::1:64564] PHP Warning:  Undefined array key "gender" in C:\\Users\\kawano\\Documents\\Git_Project\\Login_practice\\xampp3\\htdocs\\login\\post.php on line 4, referer: http://localhost/login/index.html?
[Wed Jul 05 13:09:13.349763 2023] [php:warn] [pid 23724:tid 1868] [client ::1:64696] PHP Warning:  Undefined array key "gender" in C:\\Users\\kawano\\Documents\\Git_Project\\Login_practice\\xampp3\\htdocs\\login\\post.php on line 4, referer: http://localhost/login/index.php?
[Wed Jul 05 13:10:18.360480 2023] [php:warn] [pid 23724:tid 1868] [client ::1:64722] PHP Warning:  Undefined array key "gender" in C:\\Users\\kawano\\Documents\\Git_Project\\Login_practice\\xampp3\\htdocs\\login\\post.php on line 4, referer: http://localhost/login/index.php?
[Wed Jul 05 13:13:30.152674 2023] [php:warn] [pid 23724:tid 1868] [client ::1:64790] PHP Warning:  Undefined array key "gender" in C:\\Users\\kawano\\Documents\\Git_Project\\Login_practice\\xampp3\\htdocs\\login\\post.php on line 4, referer: http://localhost/login/index.php?
[Wed Jul 05 13:14:05.933988 2023] [php:warn] [pid 23724:tid 1868] [client ::1:64802] PHP Warning:  Undefined array key "gender" in C:\\Users\\kawano\\Documents\\Git_Project\\Login_practice\\xampp3\\htdocs\\login\\post.php on line 4, referer: http://localhost/login/index.php?
[Wed Jul 05 13:14:20.913687 2023] [php:warn] [pid 23724:tid 1868] [client ::1:64810] PHP Warning:  Undefined array key "gender" in C:\\Users\\kawano\\Documents\\Git_Project\\Login_practice\\xampp3\\htdocs\\login\\post.php on line 4, referer: http://localhost/login/index.php?
[Wed Jul 05 13:14:46.523320 2023] [php:warn] [pid 23724:tid 1868] [client ::1:64819] PHP Warning:  Undefined array key "gender" in C:\\Users\\kawano\\Documents\\Git_Project\\Login_practice\\xampp3\\htdocs\\login\\post.php on line 4, referer: http://localhost/login/index.php?
[Wed Jul 05 13:16:22.126626 2023] [php:warn] [pid 23724:tid 1868] [client ::1:64853] PHP Warning:  Undefined array key "gender" in C:\\Users\\kawano\\Documents\\Git_Project\\Login_practice\\xampp3\\htdocs\\login\\post.php on line 4, referer: http://localhost/login/index.php?
[Wed Jul 05 13:16:23.501007 2023] [php:warn] [pid 23724:tid 1868] [client ::1:64853] PHP Warning:  Undefined array key "name" in C:\\Users\\kawano\\Documents\\Git_Project\\Login_practice\\xampp3\\htdocs\\login\\post.php on line 3, referer: http://localhost/login/post.php
[Wed Jul 05 13:16:23.502014 2023] [php:warn] [pid 23724:tid 1868] [client ::1:64853] PHP Warning:  Undefined array key "gender" in C:\\Users\\kawano\\Documents\\Git_Project\\Login_practice\\xampp3\\htdocs\\login\\post.php on line 4, referer: http://localhost/login/post.php
[Wed Jul 05 13:16:23.502014 2023] [php:warn] [pid 23724:tid 1868] [client ::1:64853] PHP Warning:  Undefined array key "blood" in C:\\Users\\kawano\\Documents\\Git_Project\\Login_practice\\xampp3\\htdocs\\login\\post.php on line 5, referer: http://localhost/login/post.php
[Wed Jul 05 13:16:23.502014 2023] [php:warn] [pid 23724:tid 1868] [client ::1:64853] PHP Warning:  Undefined array key "opinion" in C:\\Users\\kawano\\Documents\\Git_Project\\Login_practice\\xampp3\\htdocs\\login\\post.php on line 6, referer: http://localhost/login/post.php
[Wed Jul 05 14:36:26.820896 2023] [php:warn] [pid 23724:tid 1868] [client ::1:64135] PHP Warning:  Undefined array key "name" in C:\\Users\\kawano\\Documents\\Git_Project\\Login_practice\\xampp3\\htdocs\\login\\post.php on line 3, referer: http://localhost/login/post.php
[Wed Jul 05 14:36:26.822089 2023] [php:warn] [pid 23724:tid 1868] [client ::1:64135] PHP Warning:  Undefined array key "gender" in C:\\Users\\kawano\\Documents\\Git_Project\\Login_practice\\xampp3\\htdocs\\login\\post.php on line 4, referer: http://localhost/login/post.php
[Wed Jul 05 14:36:26.822089 2023] [php:warn] [pid 23724:tid 1868] [client ::1:64135] PHP Warning:  Undefined array key "blood" in C:\\Users\\kawano\\Documents\\Git_Project\\Login_practice\\xampp3\\htdocs\\login\\post.php on line 5, referer: http://localhost/login/post.php
[Wed Jul 05 14:36:26.823096 2023] [php:warn] [pid 23724:tid 1868] [client ::1:64135] PHP Warning:  Undefined array key "opinion" in C:\\Users\\kawano\\Documents\\Git_Project\\Login_practice\\xampp3\\htdocs\\login\\post.php on line 6, referer: http://localhost/login/post.php
[Wed Jul 05 14:36:55.454523 2023] [php:warn] [pid 23724:tid 1868] [client ::1:64146] PHP Warning:  Undefined array key "gender" in C:\\Users\\kawano\\Documents\\Git_Project\\Login_practice\\xampp3\\htdocs\\login\\post.php on line 4, referer: http://localhost/login/index.php?
[Thu Jul 06 09:20:34.785343 2023] [ssl:warn] [pid 11160:tid 352] AH01909: www.example.com:443:0 server certificate does NOT include an ID which matches the server name
[Thu Jul 06 09:20:34.833939 2023] [core:warn] [pid 11160:tid 352] AH00098: pid file C:/Users/kawano/Documents/Git_Project/Login_practice/xampp3/apache/logs/httpd.pid overwritten -- Unclean shutdown of previous Apache run?
[Thu Jul 06 09:20:34.833939 2023] [ssl:warn] [pid 11160:tid 352] AH01909: www.example.com:443:0 server certificate does NOT include an ID which matches the server name
[Thu Jul 06 09:20:35.058999 2023] [mpm_winnt:notice] [pid 11160:tid 352] AH00455: Apache/2.4.56 (Win64) OpenSSL/1.1.1t PHP/8.2.4 configured -- resuming normal operations
[Thu Jul 06 09:20:35.058999 2023] [mpm_winnt:notice] [pid 11160:tid 352] AH00456: Apache Lounge VS16 Server built: Mar  7 2023 13:21:03
[Thu Jul 06 09:20:35.058999 2023] [core:notice] [pid 11160:tid 352] AH00094: Command line: 'c:\\users\\kawano\\documents\\git_project\\login_practice\\xampp3\\apache\\bin\\httpd.exe -d C:/Users/kawano/Documents/Git_Project/Login_practice/xampp3/apache'
[Thu Jul 06 09:20:35.058999 2023] [mpm_winnt:notice] [pid 11160:tid 352] AH00418: Parent: Created child process 20108
[Thu Jul 06 09:20:35.582269 2023] [ssl:warn] [pid 20108:tid 368] AH01909: www.example.com:443:0 server certificate does NOT include an ID which matches the server name
[Thu Jul 06 09:20:35.623669 2023] [ssl:warn] [pid 20108:tid 368] AH01909: www.example.com:443:0 server certificate does NOT include an ID which matches the server name
[Thu Jul 06 09:20:35.671048 2023] [mpm_winnt:notice] [pid 20108:tid 368] AH00354: Child: Starting 150 worker threads.
[Thu Jul 06 09:21:11.285555 2023] [php:warn] [pid 20108:tid 1876] [client ::1:54292] PHP Warning:  Undefined array key "gender" in C:\\Users\\kawano\\Documents\\Git_Project\\Login_practice\\xampp3\\htdocs\\login\\post.php on line 4, referer: http://localhost/login/index.php?
[Thu Jul 06 09:58:26.240259 2023] [php:warn] [pid 20108:tid 1876] [client ::1:55053] PHP Warning:  Undefined array key "gender" in C:\\Users\\kawano\\Documents\\Git_Project\\Login_practice\\xampp3\\htdocs\\login\\post.php on line 4, referer: http://localhost/login/index.php?
[Thu Jul 06 09:58:35.602263 2023] [php:warn] [pid 20108:tid 1884] [client ::1:55058] PHP Warning:  Undefined array key "name" in C:\\Users\\kawano\\Documents\\Git_Project\\Login_practice\\xampp3\\htdocs\\login\\post.php on line 3, referer: http://localhost/login/post.php
[Thu Jul 06 09:58:35.603270 2023] [php:warn] [pid 20108:tid 1884] [client ::1:55058] PHP Warning:  Undefined array key "gender" in C:\\Users\\kawano\\Documents\\Git_Project\\Login_practice\\xampp3\\htdocs\\login\\post.php on line 4, referer: http://localhost/login/post.php
[Thu Jul 06 09:58:35.603270 2023] [php:warn] [pid 20108:tid 1884] [client ::1:55058] PHP Warning:  Undefined array key "blood" in C:\\Users\\kawano\\Documents\\Git_Project\\Login_practice\\xampp3\\htdocs\\login\\post.php on line 5, referer: http://localhost/login/post.php
[Thu Jul 06 09:58:35.603270 2023] [php:warn] [pid 20108:tid 1884] [client ::1:55058] PHP Warning:  Undefined array key "opinion" in C:\\Users\\kawano\\Documents\\Git_Project\\Login_practice\\xampp3\\htdocs\\login\\post.php on line 6, referer: http://localhost/login/post.php
[Thu Jul 06 09:58:49.336310 2023] [php:warn] [pid 20108:tid 1876] [client ::1:55066] PHP Warning:  Undefined array key "name" in C:\\Users\\kawano\\Documents\\Git_Project\\Login_practice\\xampp3\\htdocs\\login\\post.php on line 3, referer: http://localhost/login/post.php
[Thu Jul 06 09:58:49.337317 2023] [php:warn] [pid 20108:tid 1876] [client ::1:55066] PHP Warning:  Undefined array key "gender" in C:\\Users\\kawano\\Documents\\Git_Project\\Login_practice\\xampp3\\htdocs\\login\\post.php on line 4, referer: http://localhost/login/post.php
[Thu Jul 06 09:58:49.337317 2023] [php:warn] [pid 20108:tid 1876] [client ::1:55066] PHP Warning:  Undefined array key "blood" in C:\\Users\\kawano\\Documents\\Git_Project\\Login_practice\\xampp3\\htdocs\\login\\post.php on line 5, referer: http://localhost/login/post.php
[Thu Jul 06 09:58:49.338317 2023] [php:warn] [pid 20108:tid 1876] [client ::1:55066] PHP Warning:  Undefined array key "opinion" in C:\\Users\\kawano\\Documents\\Git_Project\\Login_practice\\xampp3\\htdocs\\login\\post.php on line 6, referer: http://localhost/login/post.php
[Thu Jul 06 10:18:06.531922 2023] [php:warn] [pid 20108:tid 1884] [client ::1:55794] PHP Warning:  Undefined array key "name" in C:\\Users\\kawano\\Documents\\Git_Project\\Login_practice\\xampp3\\htdocs\\login\\post.php on line 3, referer: http://localhost/login/post.php
[Thu Jul 06 10:18:06.532922 2023] [php:warn] [pid 20108:tid 1884] [client ::1:55794] PHP Warning:  Undefined array key "gender" in C:\\Users\\kawano\\Documents\\Git_Project\\Login_practice\\xampp3\\htdocs\\login\\post.php on line 4, referer: http://localhost/login/post.php
[Thu Jul 06 10:18:06.533922 2023] [php:warn] [pid 20108:tid 1884] [client ::1:55794] PHP Warning:  Undefined array key "blood" in C:\\Users\\kawano\\Documents\\Git_Project\\Login_practice\\xampp3\\htdocs\\login\\post.php on line 5, referer: http://localhost/login/post.php
[Thu Jul 06 10:18:06.533922 2023] [php:warn] [pid 20108:tid 1884] [client ::1:55794] PHP Warning:  Undefined array key "opinion" in C:\\Users\\kawano\\Documents\\Git_Project\\Login_practice\\xampp3\\htdocs\\login\\post.php on line 6, referer: http://localhost/login/post.php
[Thu Jul 06 10:38:43.033368 2023] [php:warn] [pid 20108:tid 1884] [client ::1:55415] PHP Warning:  Undefined array key "gender" in C:\\Users\\kawano\\Documents\\Git_Project\\Login_practice\\xampp3\\htdocs\\login\\post.php on line 3, referer: http://localhost/login/post.php
[Thu Jul 06 10:38:43.034334 2023] [php:warn] [pid 20108:tid 1884] [client ::1:55415] PHP Warning:  Undefined array key "blood" in C:\\Users\\kawano\\Documents\\Git_Project\\Login_practice\\xampp3\\htdocs\\login\\post.php on line 4, referer: http://localhost/login/post.php
[Thu Jul 06 10:38:43.034334 2023] [php:warn] [pid 20108:tid 1884] [client ::1:55415] PHP Warning:  Undefined array key "opinion" in C:\\Users\\kawano\\Documents\\Git_Project\\Login_practice\\xampp3\\htdocs\\login\\post.php on line 5, referer: http://localhost/login/post.php
[Thu Jul 06 10:38:43.040230 2023] [php:error] [pid 20108:tid 1884] [client ::1:55415] PHP Parse error:  syntax error, unexpected token ";" in C:\\Users\\kawano\\Documents\\Git_Project\\Login_practice\\xampp3\\htdocs\\login\\conf.php on line 22, referer: http://localhost/login/post.php
[Thu Jul 06 10:39:32.123212 2023] [php:error] [pid 20108:tid 1884] [client ::1:55449] PHP Parse error:  syntax error, unexpected token ";" in C:\\Users\\kawano\\Documents\\Git_Project\\Login_practice\\xampp3\\htdocs\\login\\conf.php on line 22, referer: http://localhost/login/index.php
[Thu Jul 06 10:40:10.964982 2023] [php:warn] [pid 20108:tid 1884] [client ::1:55472] PHP Warning:  Undefined array key "gender" in C:\\Users\\kawano\\Documents\\Git_Project\\Login_practice\\xampp3\\htdocs\\login\\post.php on line 3, referer: http://localhost/login/index.php?
[Thu Jul 06 11:14:43.170839 2023] [php:error] [pid 20108:tid 1884] [client ::1:56274] PHP Parse error:  syntax error, unexpected token ";" in C:\\Users\\kawano\\Documents\\Git_Project\\Login_practice\\xampp3\\htdocs\\login\\date.php on line 16, referer: http://localhost/login/post.php
[Thu Jul 06 11:28:56.100730 2023] [php:warn] [pid 20108:tid 1884] [client ::1:56566] PHP Warning:  Undefined array key "gender" in C:\\Users\\kawano\\Documents\\Git_Project\\Login_practice\\xampp3\\htdocs\\login\\date.php on line 16, referer: http://localhost/login/post.php
[Thu Jul 06 11:28:56.100730 2023] [php:warn] [pid 20108:tid 1884] [client ::1:56566] PHP Warning:  Undefined array key "blood" in C:\\Users\\kawano\\Documents\\Git_Project\\Login_practice\\xampp3\\htdocs\\login\\date.php on line 17, referer: http://localhost/login/post.php
[Thu Jul 06 11:28:56.102019 2023] [php:warn] [pid 20108:tid 1884] [client ::1:56566] PHP Warning:  Undefined array key "opinion" in C:\\Users\\kawano\\Documents\\Git_Project\\Login_practice\\xampp3\\htdocs\\login\\date.php on line 18, referer: http://localhost/login/post.php
[Thu Jul 06 11:49:31.510220 2023] [php:warn] [pid 20108:tid 1884] [client ::1:51014] PHP Warning:  Undefined array key "gender" in C:\\Users\\kawano\\Documents\\Git_Project\\Login_practice\\xampp3\\htdocs\\login\\date.php on line 16, referer: http://localhost/login/post.php
[Thu Jul 06 11:49:31.511227 2023] [php:warn] [pid 20108:tid 1884] [client ::1:51014] PHP Warning:  Undefined array key "blood" in C:\\Users\\kawano\\Documents\\Git_Project\\Login_practice\\xampp3\\htdocs\\login\\date.php on line 17, referer: http://localhost/login/post.php
[Thu Jul 06 11:49:31.511227 2023] [php:warn] [pid 20108:tid 1884] [client ::1:51014] PHP Warning:  Undefined array key "opinion" in C:\\Users\\kawano\\Documents\\Git_Project\\Login_practice\\xampp3\\htdocs\\login\\date.php on line 18, referer: http://localhost/login/post.php
[Thu Jul 06 11:49:31.515315 2023] [php:error] [pid 20108:tid 1884] [client ::1:51014] PHP Fatal error:  Uncaught mysqli_sql_exception: Duplicate entry '' for key 'username' in C:\\Users\\kawano\\Documents\\Git_Project\\Login_practice\\xampp3\\htdocs\\login\\date.php:22\nStack trace:\n#0 C:\\Users\\kawano\\Documents\\Git_Project\\Login_practice\\xampp3\\htdocs\\login\\date.php(22): mysqli->query('INSERT INTO  us...')\n#1 {main}\n  thrown in C:\\Users\\kawano\\Documents\\Git_Project\\Login_practice\\xampp3\\htdocs\\login\\date.php on line 22, referer: http://localhost/login/post.php
[Thu Jul 06 11:51:12.536254 2023] [php:error] [pid 20108:tid 1884] [client ::1:51069] PHP Fatal error:  Uncaught mysqli_sql_exception: Duplicate entry '' for key 'username' in C:\\Users\\kawano\\Documents\\Git_Project\\Login_practice\\xampp3\\htdocs\\login\\conf.php:21\nStack trace:\n#0 C:\\Users\\kawano\\Documents\\Git_Project\\Login_practice\\xampp3\\htdocs\\login\\conf.php(21): mysqli->query('INSERT INTO use...')\n#1 C:\\Users\\kawano\\Documents\\Git_Project\\Login_practice\\xampp3\\htdocs\\login\\post.php(7): include('C:\\\\Users\\\\kawano...')\n#2 {main}\n  thrown in C:\\Users\\kawano\\Documents\\Git_Project\\Login_practice\\xampp3\\htdocs\\login\\conf.php on line 21, referer: http://localhost/login/index.php
